[0.011s] Invoking command in '/home/ayush/ARC_26/build/kratos_controllers': CMAKE_PREFIX_PATH=${CMAKE_PREFIX_PATH}:/home/ayush/microros_ws/install/sensor_msgs_py:/home/ayush/microros_ws/install/my_py_pkg:/home/ayush/microros_ws/install/my_py_node:/home/ayush/microros_ws/install/joy_bridge:/home/ayush/controls_ws/install/my_py_pkg:/home/ayush/controls_ws/install/joy_bridge:/home/ayush/controls_ws/install/drive_led_pkg:/opt/ros/humble /usr/bin/cmake --build /home/ayush/ARC_26/build/kratos_controllers -- -j20 -l20
[0.101s] [35m[1mConsolidate compiler generated dependencies of target kratos_controllers[0m
[0.161s] [100%] Built target kratos_controllers
[0.200s] Invoked command in '/home/ayush/ARC_26/build/kratos_controllers' returned '0': CMAKE_PREFIX_PATH=${CMAKE_PREFIX_PATH}:/home/ayush/microros_ws/install/sensor_msgs_py:/home/ayush/microros_ws/install/my_py_pkg:/home/ayush/microros_ws/install/my_py_node:/home/ayush/microros_ws/install/joy_bridge:/home/ayush/controls_ws/install/my_py_pkg:/home/ayush/controls_ws/install/joy_bridge:/home/ayush/controls_ws/install/drive_led_pkg:/opt/ros/humble /usr/bin/cmake --build /home/ayush/ARC_26/build/kratos_controllers -- -j20 -l20
[0.203s] Invoking command in '/home/ayush/ARC_26/build/kratos_controllers': CMAKE_PREFIX_PATH=${CMAKE_PREFIX_PATH}:/home/ayush/microros_ws/install/sensor_msgs_py:/home/ayush/microros_ws/install/my_py_pkg:/home/ayush/microros_ws/install/my_py_node:/home/ayush/microros_ws/install/joy_bridge:/home/ayush/controls_ws/install/my_py_pkg:/home/ayush/controls_ws/install/joy_bridge:/home/ayush/controls_ws/install/drive_led_pkg:/opt/ros/humble /usr/bin/cmake --install /home/ayush/ARC_26/build/kratos_controllers
[0.229s] -- Install configuration: ""
[0.230s] -- Up-to-date: /home/ayush/ARC_26/install/kratos_controllers/lib/libkratos_controllers.so
[0.232s] -- Up-to-date: /home/ayush/ARC_26/install/kratos_controllers/include
[0.233s] -- Up-to-date: /home/ayush/ARC_26/install/kratos_controllers/include/kratos_controllers
[0.234s] -- Up-to-date: /home/ayush/ARC_26/install/kratos_controllers/include/kratos_controllers/double_ackermann_controller.hpp
[0.235s] -- Up-to-date: /home/ayush/ARC_26/install/kratos_controllers/share/kratos_controllers/kratos_controllers.xml
[0.236s] -- Up-to-date: /home/ayush/ARC_26/install/kratos_controllers/share/ament_index/resource_index/package_run_dependencies/kratos_controllers
[0.236s] -- Up-to-date: /home/ayush/ARC_26/install/kratos_controllers/share/ament_index/resource_index/parent_prefix_path/kratos_controllers
[0.238s] -- Up-to-date: /home/ayush/ARC_26/install/kratos_controllers/share/kratos_controllers/environment/ament_prefix_path.sh
[0.239s] -- Up-to-date: /home/ayush/ARC_26/install/kratos_controllers/share/kratos_controllers/environment/ament_prefix_path.dsv
[0.239s] -- Up-to-date: /home/ayush/ARC_26/install/kratos_controllers/share/kratos_controllers/environment/path.sh
[0.240s] -- Up-to-date: /home/ayush/ARC_26/install/kratos_controllers/share/kratos_controllers/environment/path.dsv
[0.240s] -- Up-to-date: /home/ayush/ARC_26/install/kratos_controllers/share/kratos_controllers/local_setup.bash
[0.240s] -- Up-to-date: /home/ayush/ARC_26/install/kratos_controllers/share/kratos_controllers/local_setup.sh
[0.240s] -- Up-to-date: /home/ayush/ARC_26/install/kratos_controllers/share/kratos_controllers/local_setup.zsh
[0.241s] -- Up-to-date: /home/ayush/ARC_26/install/kratos_controllers/share/kratos_controllers/local_setup.dsv
[0.241s] -- Installing: /home/ayush/ARC_26/install/kratos_controllers/share/kratos_controllers/package.dsv
[0.241s] -- Up-to-date: /home/ayush/ARC_26/install/kratos_controllers/share/ament_index/resource_index/packages/kratos_controllers
[0.242s] -- Up-to-date: /home/ayush/ARC_26/install/kratos_controllers/share/ament_index/resource_index/controller_interface__pluginlib__plugin/kratos_controllers
[0.242s] -- Up-to-date: /home/ayush/ARC_26/install/kratos_controllers/share/kratos_controllers/cmake/kratos_controllersConfig.cmake
[0.242s] -- Up-to-date: /home/ayush/ARC_26/install/kratos_controllers/share/kratos_controllers/cmake/kratos_controllersConfig-version.cmake
[0.244s] -- Up-to-date: /home/ayush/ARC_26/install/kratos_controllers/share/kratos_controllers/package.xml
[0.246s] Invoked command in '/home/ayush/ARC_26/build/kratos_controllers' returned '0': CMAKE_PREFIX_PATH=${CMAKE_PREFIX_PATH}:/home/ayush/microros_ws/install/sensor_msgs_py:/home/ayush/microros_ws/install/my_py_pkg:/home/ayush/microros_ws/install/my_py_node:/home/ayush/microros_ws/install/joy_bridge:/home/ayush/controls_ws/install/my_py_pkg:/home/ayush/controls_ws/install/joy_bridge:/home/ayush/controls_ws/install/drive_led_pkg:/opt/ros/humble /usr/bin/cmake --install /home/ayush/ARC_26/build/kratos_controllers
