-- Install configuration: ""
-- Up-to-date: /home/ayush/ARC_26/install/rover_description/share/rover_description/launch
-- Up-to-date: /home/ayush/ARC_26/install/rover_description/share/rover_description/launch/display.launch.py
-- Up-to-date: /home/ayush/ARC_26/install/rover_description/share/rover_description/launch/gazebo.launch.py
-- Up-to-date: /home/ayush/ARC_26/install/rover_description/share/rover_description/meshes
-- Up-to-date: /home/ayush/ARC_26/install/rover_description/share/rover_description/rviz
-- Up-to-date: /home/ayush/ARC_26/install/rover_description/share/rover_description/rviz/kratos_config.rviz
-- Up-to-date: /home/ayush/ARC_26/install/rover_description/share/rover_description/urdf
-- Installing: /home/ayush/ARC_26/install/rover_description/share/rover_description/urdf/ros2_control.xacro
-- Up-to-date: /home/ayush/ARC_26/install/rover_description/share/rover_description/urdf/inertial_macros.xacro
-- Up-to-date: /home/ayush/ARC_26/install/rover_description/share/rover_description/urdf/wheel_macro.xacro
-- Up-to-date: /home/ayush/ARC_26/install/rover_description/share/rover_description/urdf/kratos_rover.urdf.xacro
-- Installing: /home/ayush/ARC_26/install/rover_description/share/rover_description/urdf/gazebo_plugins.xacro
-- Up-to-date: /home/ayush/ARC_26/install/rover_description/share/rover_description/urdf/core_chassis.xacro
-- Up-to-date: /home/ayush/ARC_26/install/rover_description/share/ament_index/resource_index/package_run_dependencies/rover_description
-- Up-to-date: /home/ayush/ARC_26/install/rover_description/share/ament_index/resource_index/parent_prefix_path/rover_description
-- Up-to-date: /home/ayush/ARC_26/install/rover_description/share/rover_description/environment/ament_prefix_path.sh
-- Up-to-date: /home/ayush/ARC_26/install/rover_description/share/rover_description/environment/ament_prefix_path.dsv
-- Up-to-date: /home/ayush/ARC_26/install/rover_description/share/rover_description/environment/path.sh
-- Up-to-date: /home/ayush/ARC_26/install/rover_description/share/rover_description/environment/path.dsv
-- Up-to-date: /home/ayush/ARC_26/install/rover_description/share/rover_description/local_setup.bash
-- Up-to-date: /home/ayush/ARC_26/install/rover_description/share/rover_description/local_setup.sh
-- Up-to-date: /home/ayush/ARC_26/install/rover_description/share/rover_description/local_setup.zsh
-- Up-to-date: /home/ayush/ARC_26/install/rover_description/share/rover_description/local_setup.dsv
-- Installing: /home/ayush/ARC_26/install/rover_description/share/rover_description/package.dsv
-- Up-to-date: /home/ayush/ARC_26/install/rover_description/share/ament_index/resource_index/packages/rover_description
-- Up-to-date: /home/ayush/ARC_26/install/rover_description/share/rover_description/cmake/rover_descriptionConfig.cmake
-- Up-to-date: /home/ayush/ARC_26/install/rover_description/share/rover_description/cmake/rover_descriptionConfig-version.cmake
-- Up-to-date: /home/ayush/ARC_26/install/rover_description/share/rover_description/package.xml
