[0.020s] Invoking command in '/home/ayush/ARC_26/build/rover_description': CMAKE_PREFIX_PATH=${CMAKE_PREFIX_PATH}:/home/ayush/microros_ws/install/sensor_msgs_py:/home/ayush/microros_ws/install/my_py_pkg:/home/ayush/microros_ws/install/my_py_node:/home/ayush/microros_ws/install/joy_bridge:/home/ayush/controls_ws/install/my_py_pkg:/home/ayush/controls_ws/install/joy_bridge:/home/ayush/controls_ws/install/drive_led_pkg:/opt/ros/humble /usr/bin/cmake /home/ayush/ARC_26/src/rover_description -DCMAKE_INSTALL_PREFIX=/home/ayush/ARC_26/install/rover_description
[0.180s] -- The C compiler identification is GNU 11.4.0
[0.318s] -- The CXX compiler identification is GNU 11.4.0
[0.336s] -- Detecting C compiler ABI info
[0.466s] -- Detecting C compiler ABI info - done
[0.477s] -- Check for working C compiler: /usr/bin/cc - skipped
[0.478s] -- Detecting C compile features
[0.479s] -- Detecting C compile features - done
[0.484s] -- Detecting CXX compiler ABI info
[0.630s] -- Detecting CXX compiler ABI info - done
[0.644s] -- Check for working CXX compiler: /usr/bin/c++ - skipped
[0.645s] -- Detecting CXX compile features
[0.645s] -- Detecting CXX compile features - done
[0.660s] -- Found ament_cmake: 1.3.12 (/opt/ros/humble/share/ament_cmake/cmake)
[0.953s] -- Found Python3: /usr/bin/python3 (found version "3.10.12") found components: Interpreter 
[1.198s] -- Found ament_lint_auto: 0.12.14 (/opt/ros/humble/share/ament_lint_auto/cmake)
[1.363s] -- Added test 'flake8' to check Python code syntax and style conventions
[1.364s] -- Added test 'lint_cmake' to check CMake code style
[1.365s] -- Added test 'pep257' to check Python code against some of the docstring style conventions in PEP 257
[1.366s] -- Added test 'xmllint' to check XML markup files
[1.368s] -- Configuring done
[1.369s] -- Generating done
[1.370s] -- Build files have been written to: /home/ayush/ARC_26/build/rover_description
[1.374s] Invoked command in '/home/ayush/ARC_26/build/rover_description' returned '0': CMAKE_PREFIX_PATH=${CMAKE_PREFIX_PATH}:/home/ayush/microros_ws/install/sensor_msgs_py:/home/ayush/microros_ws/install/my_py_pkg:/home/ayush/microros_ws/install/my_py_node:/home/ayush/microros_ws/install/joy_bridge:/home/ayush/controls_ws/install/my_py_pkg:/home/ayush/controls_ws/install/joy_bridge:/home/ayush/controls_ws/install/drive_led_pkg:/opt/ros/humble /usr/bin/cmake /home/ayush/ARC_26/src/rover_description -DCMAKE_INSTALL_PREFIX=/home/ayush/ARC_26/install/rover_description
[1.375s] Invoking command in '/home/ayush/ARC_26/build/rover_description': CMAKE_PREFIX_PATH=${CMAKE_PREFIX_PATH}:/home/ayush/microros_ws/install/sensor_msgs_py:/home/ayush/microros_ws/install/my_py_pkg:/home/ayush/microros_ws/install/my_py_node:/home/ayush/microros_ws/install/joy_bridge:/home/ayush/controls_ws/install/my_py_pkg:/home/ayush/controls_ws/install/joy_bridge:/home/ayush/controls_ws/install/drive_led_pkg:/opt/ros/humble /usr/bin/cmake --build /home/ayush/ARC_26/build/rover_description -- -j20 -l20
[1.411s] Invoked command in '/home/ayush/ARC_26/build/rover_description' returned '0': CMAKE_PREFIX_PATH=${CMAKE_PREFIX_PATH}:/home/ayush/microros_ws/install/sensor_msgs_py:/home/ayush/microros_ws/install/my_py_pkg:/home/ayush/microros_ws/install/my_py_node:/home/ayush/microros_ws/install/joy_bridge:/home/ayush/controls_ws/install/my_py_pkg:/home/ayush/controls_ws/install/joy_bridge:/home/ayush/controls_ws/install/drive_led_pkg:/opt/ros/humble /usr/bin/cmake --build /home/ayush/ARC_26/build/rover_description -- -j20 -l20
[1.420s] Invoking command in '/home/ayush/ARC_26/build/rover_description': CMAKE_PREFIX_PATH=${CMAKE_PREFIX_PATH}:/home/ayush/microros_ws/install/sensor_msgs_py:/home/ayush/microros_ws/install/my_py_pkg:/home/ayush/microros_ws/install/my_py_node:/home/ayush/microros_ws/install/joy_bridge:/home/ayush/controls_ws/install/my_py_pkg:/home/ayush/controls_ws/install/joy_bridge:/home/ayush/controls_ws/install/drive_led_pkg:/opt/ros/humble /usr/bin/cmake --install /home/ayush/ARC_26/build/rover_description
[1.426s] -- Install configuration: ""
[1.426s] -- Installing: /home/ayush/ARC_26/install/rover_description/share/rover_description/launch
[1.426s] -- Installing: /home/ayush/ARC_26/install/rover_description/share/rover_description/launch/gazebo.launch.py
[1.426s] -- Installing: /home/ayush/ARC_26/install/rover_description/share/rover_description/meshes
[1.426s] -- Installing: /home/ayush/ARC_26/install/rover_description/share/rover_description/rviz
[1.426s] -- Installing: /home/ayush/ARC_26/install/rover_description/share/rover_description/urdf
[1.426s] -- Installing: /home/ayush/ARC_26/install/rover_description/share/rover_description/urdf/inertial_macros.xacro
[1.426s] -- Installing: /home/ayush/ARC_26/install/rover_description/share/rover_description/urdf/kratos_rover.urdf.xacro
[1.426s] -- Installing: /home/ayush/ARC_26/install/rover_description/share/ament_index/resource_index/package_run_dependencies/rover_description
[1.427s] -- Installing: /home/ayush/ARC_26/install/rover_description/share/ament_index/resource_index/parent_prefix_path/rover_description
[1.427s] -- Installing: /home/ayush/ARC_26/install/rover_description/share/rover_description/environment/ament_prefix_path.sh
[1.427s] -- Installing: /home/ayush/ARC_26/install/rover_description/share/rover_description/environment/ament_prefix_path.dsv
[1.427s] -- Installing: /home/ayush/ARC_26/install/rover_description/share/rover_description/environment/path.sh
[1.427s] -- Installing: /home/ayush/ARC_26/install/rover_description/share/rover_description/environment/path.dsv
[1.427s] -- Installing: /home/ayush/ARC_26/install/rover_description/share/rover_description/local_setup.bash
[1.427s] -- Installing: /home/ayush/ARC_26/install/rover_description/share/rover_description/local_setup.sh
[1.427s] -- Installing: /home/ayush/ARC_26/install/rover_description/share/rover_description/local_setup.zsh
[1.427s] -- Installing: /home/ayush/ARC_26/install/rover_description/share/rover_description/local_setup.dsv
[1.427s] -- Installing: /home/ayush/ARC_26/install/rover_description/share/rover_description/package.dsv
[1.427s] -- Installing: /home/ayush/ARC_26/install/rover_description/share/ament_index/resource_index/packages/rover_description
[1.428s] -- Installing: /home/ayush/ARC_26/install/rover_description/share/rover_description/cmake/rover_descriptionConfig.cmake
[1.428s] -- Installing: /home/ayush/ARC_26/install/rover_description/share/rover_description/cmake/rover_descriptionConfig-version.cmake
[1.428s] -- Installing: /home/ayush/ARC_26/install/rover_description/share/rover_description/package.xml
[1.429s] Invoked command in '/home/ayush/ARC_26/build/rover_description' returned '0': CMAKE_PREFIX_PATH=${CMAKE_PREFIX_PATH}:/home/ayush/microros_ws/install/sensor_msgs_py:/home/ayush/microros_ws/install/my_py_pkg:/home/ayush/microros_ws/install/my_py_node:/home/ayush/microros_ws/install/joy_bridge:/home/ayush/controls_ws/install/my_py_pkg:/home/ayush/controls_ws/install/joy_bridge:/home/ayush/controls_ws/install/drive_led_pkg:/opt/ros/humble /usr/bin/cmake --install /home/ayush/ARC_26/build/rover_description
