[0.020s] Invoking command in '/home/ayush/ARC_26/build/rover_description': CMAKE_PREFIX_PATH=${CMAKE_PREFIX_PATH}:/home/ayush/microros_ws/install/sensor_msgs_py:/home/ayush/microros_ws/install/my_py_pkg:/home/ayush/microros_ws/install/my_py_node:/home/ayush/microros_ws/install/joy_bridge:/home/ayush/controls_ws/install/my_py_pkg:/home/ayush/controls_ws/install/joy_bridge:/home/ayush/controls_ws/install/drive_led_pkg:/opt/ros/humble /usr/bin/cmake --build /home/ayush/ARC_26/build/rover_description -- -j20 -l20
[0.105s] Invoked command in '/home/ayush/ARC_26/build/rover_description' returned '0': CMAKE_PREFIX_PATH=${CMAKE_PREFIX_PATH}:/home/ayush/microros_ws/install/sensor_msgs_py:/home/ayush/microros_ws/install/my_py_pkg:/home/ayush/microros_ws/install/my_py_node:/home/ayush/microros_ws/install/joy_bridge:/home/ayush/controls_ws/install/my_py_pkg:/home/ayush/controls_ws/install/joy_bridge:/home/ayush/controls_ws/install/drive_led_pkg:/opt/ros/humble /usr/bin/cmake --build /home/ayush/ARC_26/build/rover_description -- -j20 -l20
[0.107s] Invoking command in '/home/ayush/ARC_26/build/rover_description': CMAKE_PREFIX_PATH=${CMAKE_PREFIX_PATH}:/home/ayush/microros_ws/install/sensor_msgs_py:/home/ayush/microros_ws/install/my_py_pkg:/home/ayush/microros_ws/install/my_py_node:/home/ayush/microros_ws/install/joy_bridge:/home/ayush/controls_ws/install/my_py_pkg:/home/ayush/controls_ws/install/joy_bridge:/home/ayush/controls_ws/install/drive_led_pkg:/opt/ros/humble /usr/bin/cmake --install /home/ayush/ARC_26/build/rover_description
[0.128s] -- Install configuration: ""
[0.128s] -- Up-to-date: /home/ayush/ARC_26/install/rover_description/share/rover_description/launch
[0.129s] -- Up-to-date: /home/ayush/ARC_26/install/rover_description/share/rover_description/launch/display.launch.py
[0.129s] -- Up-to-date: /home/ayush/ARC_26/install/rover_description/share/rover_description/launch/gazebo.launch.py
[0.129s] -- Up-to-date: /home/ayush/ARC_26/install/rover_description/share/rover_description/meshes
[0.129s] -- Up-to-date: /home/ayush/ARC_26/install/rover_description/share/rover_description/rviz
[0.129s] -- Up-to-date: /home/ayush/ARC_26/install/rover_description/share/rover_description/rviz/kratos_config.rviz
[0.130s] -- Up-to-date: /home/ayush/ARC_26/install/rover_description/share/rover_description/urdf
[0.130s] -- Up-to-date: /home/ayush/ARC_26/install/rover_description/share/rover_description/urdf/ros2_control.xacro
[0.130s] -- Up-to-date: /home/ayush/ARC_26/install/rover_description/share/rover_description/urdf/inertial_macros.xacro
[0.130s] -- Up-to-date: /home/ayush/ARC_26/install/rover_description/share/rover_description/urdf/wheel_macro.xacro
[0.130s] -- Up-to-date: /home/ayush/ARC_26/install/rover_description/share/rover_description/urdf/kratos_rover.urdf.xacro
[0.130s] -- Up-to-date: /home/ayush/ARC_26/install/rover_description/share/rover_description/urdf/gazebo_plugins.xacro
[0.130s] -- Up-to-date: /home/ayush/ARC_26/install/rover_description/share/rover_description/urdf/core_chassis.xacro
[0.130s] -- Up-to-date: /home/ayush/ARC_26/install/rover_description/share/ament_index/resource_index/package_run_dependencies/rover_description
[0.131s] -- Up-to-date: /home/ayush/ARC_26/install/rover_description/share/ament_index/resource_index/parent_prefix_path/rover_description
[0.131s] -- Up-to-date: /home/ayush/ARC_26/install/rover_description/share/rover_description/environment/ament_prefix_path.sh
[0.131s] -- Up-to-date: /home/ayush/ARC_26/install/rover_description/share/rover_description/environment/ament_prefix_path.dsv
[0.131s] -- Up-to-date: /home/ayush/ARC_26/install/rover_description/share/rover_description/environment/path.sh
[0.131s] -- Up-to-date: /home/ayush/ARC_26/install/rover_description/share/rover_description/environment/path.dsv
[0.131s] -- Up-to-date: /home/ayush/ARC_26/install/rover_description/share/rover_description/local_setup.bash
[0.132s] -- Up-to-date: /home/ayush/ARC_26/install/rover_description/share/rover_description/local_setup.sh
[0.132s] -- Up-to-date: /home/ayush/ARC_26/install/rover_description/share/rover_description/local_setup.zsh
[0.132s] -- Up-to-date: /home/ayush/ARC_26/install/rover_description/share/rover_description/local_setup.dsv
[0.132s] -- Installing: /home/ayush/ARC_26/install/rover_description/share/rover_description/package.dsv
[0.132s] -- Up-to-date: /home/ayush/ARC_26/install/rover_description/share/ament_index/resource_index/packages/rover_description
[0.132s] -- Up-to-date: /home/ayush/ARC_26/install/rover_description/share/rover_description/cmake/rover_descriptionConfig.cmake
[0.132s] -- Up-to-date: /home/ayush/ARC_26/install/rover_description/share/rover_description/cmake/rover_descriptionConfig-version.cmake
[0.132s] -- Up-to-date: /home/ayush/ARC_26/install/rover_description/share/rover_description/package.xml
[0.169s] Invoked command in '/home/ayush/ARC_26/build/rover_description' returned '0': CMAKE_PREFIX_PATH=${CMAKE_PREFIX_PATH}:/home/ayush/microros_ws/install/sensor_msgs_py:/home/ayush/microros_ws/install/my_py_pkg:/home/ayush/microros_ws/install/my_py_node:/home/ayush/microros_ws/install/joy_bridge:/home/ayush/controls_ws/install/my_py_pkg:/home/ayush/controls_ws/install/joy_bridge:/home/ayush/controls_ws/install/drive_led_pkg:/opt/ros/humble /usr/bin/cmake --install /home/ayush/ARC_26/build/rover_description
