[0.031s] Invoking command in '/home/ayush/ARC_26/build/drive_controls': CMAKE_PREFIX_PATH=${CMAKE_PREFIX_PATH}:/home/ayush/microros_ws/install/sensor_msgs_py:/home/ayush/microros_ws/install/my_py_pkg:/home/ayush/microros_ws/install/my_py_node:/home/ayush/microros_ws/install/joy_bridge:/home/ayush/controls_ws/install/my_py_pkg:/home/ayush/controls_ws/install/joy_bridge:/home/ayush/controls_ws/install/drive_led_pkg:/opt/ros/humble /usr/bin/cmake /home/ayush/ARC_26/src/drive_controls -DCMAKE_INSTALL_PREFIX=/home/ayush/ARC_26/install/drive_controls
[0.201s] -- The C compiler identification is GNU 11.4.0
[0.339s] -- The CXX compiler identification is GNU 11.4.0
[0.356s] -- Detecting C compiler ABI info
[0.484s] -- Detecting C compiler ABI info - done
[0.494s] -- Check for working C compiler: /usr/bin/cc - skipped
[0.497s] -- Detecting C compile features
[0.498s] -- Detecting C compile features - done
[0.504s] -- Detecting CXX compiler ABI info
[0.650s] -- Detecting CXX compiler ABI info - done
[0.662s] -- Check for working CXX compiler: /usr/bin/c++ - skipped
[0.662s] -- Detecting CXX compile features
[0.663s] -- Detecting CXX compile features - done
[0.680s] -- Found ament_cmake: 1.3.12 (/opt/ros/humble/share/ament_cmake/cmake)
[0.970s] -- Found Python3: /usr/bin/python3 (found version "3.10.12") found components: Interpreter 
[1.214s] -- Found rclcpp: 16.0.14 (/opt/ros/humble/share/rclcpp/cmake)
[1.337s] -- Found rosidl_generator_c: 3.1.7 (/opt/ros/humble/share/rosidl_generator_c/cmake)
[1.347s] -- Found rosidl_adapter: 3.1.7 (/opt/ros/humble/share/rosidl_adapter/cmake)
[1.357s] -- Found rosidl_generator_cpp: 3.1.7 (/opt/ros/humble/share/rosidl_generator_cpp/cmake)
[1.371s] -- Using all available rosidl_typesupport_c: rosidl_typesupport_microxrcedds_c;rosidl_typesupport_fastrtps_c;rosidl_typesupport_introspection_c
[1.400s] -- Using all available rosidl_typesupport_cpp: rosidl_typesupport_microxrcedds_cpp;rosidl_typesupport_fastrtps_cpp;rosidl_typesupport_introspection_cpp
[1.475s] -- Found rmw_implementation_cmake: 6.1.2 (/opt/ros/humble/share/rmw_implementation_cmake/cmake)
[1.487s] -- Found rmw_fastrtps_cpp: 6.2.8 (/opt/ros/humble/share/rmw_fastrtps_cpp/cmake)
[1.690s] -- Found OpenSSL: /usr/lib/x86_64-linux-gnu/libcrypto.so (found version "3.0.2")  
[1.736s] -- Found FastRTPS: /opt/ros/humble/include  
[1.808s] -- Using RMW implementation 'rmw_fastrtps_cpp' as default
[1.842s] -- Looking for pthread.h
[1.979s] -- Looking for pthread.h - found
[1.979s] -- Performing Test CMAKE_HAVE_LIBC_PTHREAD
[2.109s] -- Performing Test CMAKE_HAVE_LIBC_PTHREAD - Success
[2.111s] -- Found Threads: TRUE  
[2.218s] -- Found rclpy: 3.3.17 (/opt/ros/humble/share/rclpy/cmake)
[2.225s] -- Found ament_lint_auto: 0.12.14 (/opt/ros/humble/share/ament_lint_auto/cmake)
[2.392s] -- Added test 'flake8' to check Python code syntax and style conventions
[2.392s] -- Added test 'lint_cmake' to check CMake code style
[2.393s] -- Added test 'pep257' to check Python code against some of the docstring style conventions in PEP 257
[2.394s] -- Added test 'xmllint' to check XML markup files
[2.395s] -- Configuring done
[2.397s] -- Generating done
[2.398s] -- Build files have been written to: /home/ayush/ARC_26/build/drive_controls
[2.406s] Invoked command in '/home/ayush/ARC_26/build/drive_controls' returned '0': CMAKE_PREFIX_PATH=${CMAKE_PREFIX_PATH}:/home/ayush/microros_ws/install/sensor_msgs_py:/home/ayush/microros_ws/install/my_py_pkg:/home/ayush/microros_ws/install/my_py_node:/home/ayush/microros_ws/install/joy_bridge:/home/ayush/controls_ws/install/my_py_pkg:/home/ayush/controls_ws/install/joy_bridge:/home/ayush/controls_ws/install/drive_led_pkg:/opt/ros/humble /usr/bin/cmake /home/ayush/ARC_26/src/drive_controls -DCMAKE_INSTALL_PREFIX=/home/ayush/ARC_26/install/drive_controls
[2.406s] Invoking command in '/home/ayush/ARC_26/build/drive_controls': CMAKE_PREFIX_PATH=${CMAKE_PREFIX_PATH}:/home/ayush/microros_ws/install/sensor_msgs_py:/home/ayush/microros_ws/install/my_py_pkg:/home/ayush/microros_ws/install/my_py_node:/home/ayush/microros_ws/install/joy_bridge:/home/ayush/controls_ws/install/my_py_pkg:/home/ayush/controls_ws/install/joy_bridge:/home/ayush/controls_ws/install/drive_led_pkg:/opt/ros/humble /usr/bin/cmake --build /home/ayush/ARC_26/build/drive_controls -- -j20 -l20
[2.445s] Invoked command in '/home/ayush/ARC_26/build/drive_controls' returned '0': CMAKE_PREFIX_PATH=${CMAKE_PREFIX_PATH}:/home/ayush/microros_ws/install/sensor_msgs_py:/home/ayush/microros_ws/install/my_py_pkg:/home/ayush/microros_ws/install/my_py_node:/home/ayush/microros_ws/install/joy_bridge:/home/ayush/controls_ws/install/my_py_pkg:/home/ayush/controls_ws/install/joy_bridge:/home/ayush/controls_ws/install/drive_led_pkg:/opt/ros/humble /usr/bin/cmake --build /home/ayush/ARC_26/build/drive_controls -- -j20 -l20
[2.446s] Invoking command in '/home/ayush/ARC_26/build/drive_controls': CMAKE_PREFIX_PATH=${CMAKE_PREFIX_PATH}:/home/ayush/microros_ws/install/sensor_msgs_py:/home/ayush/microros_ws/install/my_py_pkg:/home/ayush/microros_ws/install/my_py_node:/home/ayush/microros_ws/install/joy_bridge:/home/ayush/controls_ws/install/my_py_pkg:/home/ayush/controls_ws/install/joy_bridge:/home/ayush/controls_ws/install/drive_led_pkg:/opt/ros/humble /usr/bin/cmake --install /home/ayush/ARC_26/build/drive_controls
[2.455s] -- Install configuration: ""
[2.455s] -- Installing: /home/ayush/ARC_26/install/drive_controls/lib/drive_controls/drive.py
[2.456s] -- Installing: /home/ayush/ARC_26/install/drive_controls/share/ament_index/resource_index/package_run_dependencies/drive_controls
[2.456s] -- Installing: /home/ayush/ARC_26/install/drive_controls/share/ament_index/resource_index/parent_prefix_path/drive_controls
[2.456s] -- Installing: /home/ayush/ARC_26/install/drive_controls/share/drive_controls/environment/ament_prefix_path.sh
[2.456s] -- Installing: /home/ayush/ARC_26/install/drive_controls/share/drive_controls/environment/ament_prefix_path.dsv
[2.456s] -- Installing: /home/ayush/ARC_26/install/drive_controls/share/drive_controls/environment/path.sh
[2.456s] -- Installing: /home/ayush/ARC_26/install/drive_controls/share/drive_controls/environment/path.dsv
[2.456s] -- Installing: /home/ayush/ARC_26/install/drive_controls/share/drive_controls/local_setup.bash
[2.457s] -- Installing: /home/ayush/ARC_26/install/drive_controls/share/drive_controls/local_setup.sh
[2.457s] -- Installing: /home/ayush/ARC_26/install/drive_controls/share/drive_controls/local_setup.zsh
[2.457s] -- Installing: /home/ayush/ARC_26/install/drive_controls/share/drive_controls/local_setup.dsv
[2.457s] -- Installing: /home/ayush/ARC_26/install/drive_controls/share/drive_controls/package.dsv
[2.457s] -- Installing: /home/ayush/ARC_26/install/drive_controls/share/ament_index/resource_index/packages/drive_controls
[2.457s] -- Installing: /home/ayush/ARC_26/install/drive_controls/share/drive_controls/cmake/drive_controlsConfig.cmake
[2.458s] -- Installing: /home/ayush/ARC_26/install/drive_controls/share/drive_controls/cmake/drive_controlsConfig-version.cmake
[2.458s] -- Installing: /home/ayush/ARC_26/install/drive_controls/share/drive_controls/package.xml
[2.460s] Invoked command in '/home/ayush/ARC_26/build/drive_controls' returned '0': CMAKE_PREFIX_PATH=${CMAKE_PREFIX_PATH}:/home/ayush/microros_ws/install/sensor_msgs_py:/home/ayush/microros_ws/install/my_py_pkg:/home/ayush/microros_ws/install/my_py_node:/home/ayush/microros_ws/install/joy_bridge:/home/ayush/controls_ws/install/my_py_pkg:/home/ayush/controls_ws/install/joy_bridge:/home/ayush/controls_ws/install/drive_led_pkg:/opt/ros/humble /usr/bin/cmake --install /home/ayush/ARC_26/build/drive_controls
