[100%] Built target kratos_controllers
-- Install configuration: ""
-- Up-to-date: /home/ayush/ARC_26/install/kratos_controllers/lib/libkratos_controllers.so
-- Up-to-date: /home/ayush/ARC_26/install/kratos_controllers/include
-- Up-to-date: /home/ayush/ARC_26/install/kratos_controllers/include/kratos_controllers
-- Up-to-date: /home/ayush/ARC_26/install/kratos_controllers/include/kratos_controllers/double_ackermann_controller.hpp
-- Up-to-date: /home/ayush/ARC_26/install/kratos_controllers/share/kratos_controllers/kratos_controllers.xml
-- Up-to-date: /home/ayush/ARC_26/install/kratos_controllers/share/ament_index/resource_index/package_run_dependencies/kratos_controllers
-- Up-to-date: /home/ayush/ARC_26/install/kratos_controllers/share/ament_index/resource_index/parent_prefix_path/kratos_controllers
-- Up-to-date: /home/ayush/ARC_26/install/kratos_controllers/share/kratos_controllers/environment/ament_prefix_path.sh
-- Up-to-date: /home/ayush/ARC_26/install/kratos_controllers/share/kratos_controllers/environment/ament_prefix_path.dsv
-- Up-to-date: /home/ayush/ARC_26/install/kratos_controllers/share/kratos_controllers/environment/path.sh
-- Up-to-date: /home/ayush/ARC_26/install/kratos_controllers/share/kratos_controllers/environment/path.dsv
-- Up-to-date: /home/ayush/ARC_26/install/kratos_controllers/share/kratos_controllers/local_setup.bash
-- Up-to-date: /home/ayush/ARC_26/install/kratos_controllers/share/kratos_controllers/local_setup.sh
-- Up-to-date: /home/ayush/ARC_26/install/kratos_controllers/share/kratos_controllers/local_setup.zsh
-- Up-to-date: /home/ayush/ARC_26/install/kratos_controllers/share/kratos_controllers/local_setup.dsv
-- Installing: /home/ayush/ARC_26/install/kratos_controllers/share/kratos_controllers/package.dsv
-- Up-to-date: /home/ayush/ARC_26/install/kratos_controllers/share/ament_index/resource_index/packages/kratos_controllers
-- Up-to-date: /home/ayush/ARC_26/install/kratos_controllers/share/ament_index/resource_index/controller_interface__pluginlib__plugin/kratos_controllers
-- Up-to-date: /home/ayush/ARC_26/install/kratos_controllers/share/kratos_controllers/cmake/kratos_controllersConfig.cmake
-- Up-to-date: /home/ayush/ARC_26/install/kratos_controllers/share/kratos_controllers/cmake/kratos_controllersConfig-version.cmake
-- Up-to-date: /home/ayush/ARC_26/install/kratos_controllers/share/kratos_controllers/package.xml
