[0.008s] Invoking command in '/home/ayush/ARC_26/build/kratos_controllers': CMAKE_PREFIX_PATH=${CMAKE_PREFIX_PATH}:/home/ayush/microros_ws/install/sensor_msgs_py:/home/ayush/microros_ws/install/my_py_pkg:/home/ayush/microros_ws/install/my_py_node:/home/ayush/microros_ws/install/joy_bridge:/home/ayush/controls_ws/install/my_py_pkg:/home/ayush/controls_ws/install/joy_bridge:/home/ayush/controls_ws/install/drive_led_pkg:/opt/ros/humble /usr/bin/cmake /home/ayush/ARC_26/src/kratos_controllers -DCMAKE_INSTALL_PREFIX=/home/ayush/ARC_26/install/kratos_controllers
[0.082s] -- The C compiler identification is GNU 11.4.0
[0.156s] -- The CXX compiler identification is GNU 11.4.0
[0.165s] -- Detecting C compiler ABI info
[0.267s] -- Detecting C compiler ABI info - done
[0.277s] -- Check for working C compiler: /usr/bin/cc - skipped
[0.277s] -- Detecting C compile features
[0.277s] -- Detecting C compile features - done
[0.282s] -- Detecting CXX compiler ABI info
[0.433s] -- Detecting CXX compiler ABI info - done
[0.445s] -- Check for working CXX compiler: /usr/bin/c++ - skipped
[0.445s] -- Detecting CXX compile features
[0.446s] -- Detecting CXX compile features - done
[0.455s] -- Found ament_cmake: 1.3.12 (/opt/ros/humble/share/ament_cmake/cmake)
[0.687s] -- Found Python3: /usr/bin/python3 (found version "3.10.12") found components: Interpreter 
[0.860s] -- Found rclcpp: 16.0.14 (/opt/ros/humble/share/rclcpp/cmake)
[0.955s] -- Found rosidl_generator_c: 3.1.7 (/opt/ros/humble/share/rosidl_generator_c/cmake)
[0.968s] -- Found rosidl_adapter: 3.1.7 (/opt/ros/humble/share/rosidl_adapter/cmake)
[0.980s] -- Found rosidl_generator_cpp: 3.1.7 (/opt/ros/humble/share/rosidl_generator_cpp/cmake)
[0.993s] -- Using all available rosidl_typesupport_c: rosidl_typesupport_microxrcedds_c;rosidl_typesupport_fastrtps_c;rosidl_typesupport_introspection_c
[1.013s] -- Using all available rosidl_typesupport_cpp: rosidl_typesupport_microxrcedds_cpp;rosidl_typesupport_fastrtps_cpp;rosidl_typesupport_introspection_cpp
[1.058s] -- Found rmw_implementation_cmake: 6.1.2 (/opt/ros/humble/share/rmw_implementation_cmake/cmake)
[1.062s] -- Found rmw_fastrtps_cpp: 6.2.8 (/opt/ros/humble/share/rmw_fastrtps_cpp/cmake)
[1.170s] -- Found OpenSSL: /usr/lib/x86_64-linux-gnu/libcrypto.so (found version "3.0.2")  
[1.207s] -- Found FastRTPS: /opt/ros/humble/include  
[1.266s] -- Using RMW implementation 'rmw_fastrtps_cpp' as default
[1.287s] -- Looking for pthread.h
[1.391s] -- Looking for pthread.h - found
[1.391s] -- Performing Test CMAKE_HAVE_LIBC_PTHREAD
[1.499s] -- Performing Test CMAKE_HAVE_LIBC_PTHREAD - Success
[1.500s] -- Found Threads: TRUE  
[1.573s] -- Found controller_interface: 2.51.0 (/opt/ros/humble/share/controller_interface/cmake)
[1.694s] -- Found realtime_tools: 2.14.0 (/opt/ros/humble/share/realtime_tools/cmake)
[1.706s] -- Found ament_lint_auto: 0.12.14 (/opt/ros/humble/share/ament_lint_auto/cmake)
[1.827s] -- Added test 'cppcheck' to perform static code analysis on C / C++ code
[1.827s] -- Configured cppcheck include dirs: 
[1.827s] -- Configured cppcheck exclude dirs and/or files: 
[1.828s] -- Added test 'lint_cmake' to check CMake code style
[1.828s] -- Added test 'uncrustify' to check C / C++ code style
[1.828s] -- Configured uncrustify additional arguments: 
[1.829s] -- Added test 'xmllint' to check XML markup files
[1.830s] -- Configuring done
[1.832s] -- Generating done
[1.834s] -- Build files have been written to: /home/ayush/ARC_26/build/kratos_controllers
[1.840s] Invoked command in '/home/ayush/ARC_26/build/kratos_controllers' returned '0': CMAKE_PREFIX_PATH=${CMAKE_PREFIX_PATH}:/home/ayush/microros_ws/install/sensor_msgs_py:/home/ayush/microros_ws/install/my_py_pkg:/home/ayush/microros_ws/install/my_py_node:/home/ayush/microros_ws/install/joy_bridge:/home/ayush/controls_ws/install/my_py_pkg:/home/ayush/controls_ws/install/joy_bridge:/home/ayush/controls_ws/install/drive_led_pkg:/opt/ros/humble /usr/bin/cmake /home/ayush/ARC_26/src/kratos_controllers -DCMAKE_INSTALL_PREFIX=/home/ayush/ARC_26/install/kratos_controllers
[1.842s] Invoking command in '/home/ayush/ARC_26/build/kratos_controllers': CMAKE_PREFIX_PATH=${CMAKE_PREFIX_PATH}:/home/ayush/microros_ws/install/sensor_msgs_py:/home/ayush/microros_ws/install/my_py_pkg:/home/ayush/microros_ws/install/my_py_node:/home/ayush/microros_ws/install/joy_bridge:/home/ayush/controls_ws/install/my_py_pkg:/home/ayush/controls_ws/install/joy_bridge:/home/ayush/controls_ws/install/drive_led_pkg:/opt/ros/humble /usr/bin/cmake --build /home/ayush/ARC_26/build/kratos_controllers -- -j20 -l20
[1.898s] Invoked command in '/home/ayush/ARC_26/build/kratos_controllers' returned '0': CMAKE_PREFIX_PATH=${CMAKE_PREFIX_PATH}:/home/ayush/microros_ws/install/sensor_msgs_py:/home/ayush/microros_ws/install/my_py_pkg:/home/ayush/microros_ws/install/my_py_node:/home/ayush/microros_ws/install/joy_bridge:/home/ayush/controls_ws/install/my_py_pkg:/home/ayush/controls_ws/install/joy_bridge:/home/ayush/controls_ws/install/drive_led_pkg:/opt/ros/humble /usr/bin/cmake --build /home/ayush/ARC_26/build/kratos_controllers -- -j20 -l20
[1.912s] Invoking command in '/home/ayush/ARC_26/build/kratos_controllers': CMAKE_PREFIX_PATH=${CMAKE_PREFIX_PATH}:/home/ayush/microros_ws/install/sensor_msgs_py:/home/ayush/microros_ws/install/my_py_pkg:/home/ayush/microros_ws/install/my_py_node:/home/ayush/microros_ws/install/joy_bridge:/home/ayush/controls_ws/install/my_py_pkg:/home/ayush/controls_ws/install/joy_bridge:/home/ayush/controls_ws/install/drive_led_pkg:/opt/ros/humble /usr/bin/cmake --install /home/ayush/ARC_26/build/kratos_controllers
[1.923s] -- Install configuration: ""
[1.923s] -- Installing: /home/ayush/ARC_26/install/kratos_controllers/share/kratos_controllers/kratos_controllers.xml
[1.924s] -- Installing: /home/ayush/ARC_26/install/kratos_controllers/share/ament_index/resource_index/package_run_dependencies/kratos_controllers
[1.924s] -- Installing: /home/ayush/ARC_26/install/kratos_controllers/share/ament_index/resource_index/parent_prefix_path/kratos_controllers
[1.924s] -- Installing: /home/ayush/ARC_26/install/kratos_controllers/share/kratos_controllers/environment/ament_prefix_path.sh
[1.924s] -- Installing: /home/ayush/ARC_26/install/kratos_controllers/share/kratos_controllers/environment/ament_prefix_path.dsv
[1.924s] -- Installing: /home/ayush/ARC_26/install/kratos_controllers/share/kratos_controllers/environment/path.sh
[1.925s] -- Installing: /home/ayush/ARC_26/install/kratos_controllers/share/kratos_controllers/environment/path.dsv
[1.925s] -- Installing: /home/ayush/ARC_26/install/kratos_controllers/share/kratos_controllers/local_setup.bash
[1.925s] -- Installing: /home/ayush/ARC_26/install/kratos_controllers/share/kratos_controllers/local_setup.sh
[1.925s] -- Installing: /home/ayush/ARC_26/install/kratos_controllers/share/kratos_controllers/local_setup.zsh
[1.925s] -- Installing: /home/ayush/ARC_26/install/kratos_controllers/share/kratos_controllers/local_setup.dsv
[1.925s] -- Installing: /home/ayush/ARC_26/install/kratos_controllers/share/kratos_controllers/package.dsv
[1.925s] -- Installing: /home/ayush/ARC_26/install/kratos_controllers/share/ament_index/resource_index/packages/kratos_controllers
[1.925s] -- Installing: /home/ayush/ARC_26/install/kratos_controllers/share/ament_index/resource_index/controller_interface__pluginlib__plugin/kratos_controllers
[1.926s] -- Installing: /home/ayush/ARC_26/install/kratos_controllers/share/kratos_controllers/cmake/kratos_controllersConfig.cmake
[1.926s] -- Installing: /home/ayush/ARC_26/install/kratos_controllers/share/kratos_controllers/cmake/kratos_controllersConfig-version.cmake
[1.926s] -- Installing: /home/ayush/ARC_26/install/kratos_controllers/share/kratos_controllers/package.xml
[1.927s] Invoked command in '/home/ayush/ARC_26/build/kratos_controllers' returned '0': CMAKE_PREFIX_PATH=${CMAKE_PREFIX_PATH}:/home/ayush/microros_ws/install/sensor_msgs_py:/home/ayush/microros_ws/install/my_py_pkg:/home/ayush/microros_ws/install/my_py_node:/home/ayush/microros_ws/install/joy_bridge:/home/ayush/controls_ws/install/my_py_pkg:/home/ayush/controls_ws/install/joy_bridge:/home/ayush/controls_ws/install/drive_led_pkg:/opt/ros/humble /usr/bin/cmake --install /home/ayush/ARC_26/build/kratos_controllers
