[0.082s] DEBUG:colcon:Command line arguments: ['/usr/bin/colcon', 'build']
[0.082s] DEBUG:colcon:Parsed command line arguments: Namespace(log_base=None, log_level=None, verb_name='build', build_base='build', install_base='install', merge_install=False, symlink_install=False, test_result_base=None, continue_on_error=False, executor='parallel', parallel_workers=20, event_handlers=None, ignore_user_meta=False, metas=['./colcon.meta'], base_paths=['.'], packages_ignore=None, packages_ignore_regex=None, paths=None, packages_up_to=None, packages_up_to_regex=None, packages_above=None, packages_above_and_dependencies=None, packages_above_depth=None, packages_select_by_dep=None, packages_skip_by_dep=None, packages_skip_up_to=None, packages_select_build_failed=False, packages_skip_build_finished=False, packages_select_test_failures=False, packages_skip_test_passed=False, packages_select=None, packages_skip=None, packages_select_regex=None, packages_skip_regex=None, packages_start=None, packages_end=None, allow_overriding=[], cmake_args=None, cmake_target=None, cmake_target_skip_unavailable=False, cmake_clean_cache=False, cmake_clean_first=False, cmake_force_configure=False, ament_cmake_args=None, catkin_cmake_args=None, catkin_skip_building_tests=False, mixin_files=None, mixin=None, verb_parser=<colcon_mixin.mixin.mixin_argument.MixinArgumentDecorator object at 0x7252ad24ab60>, verb_extension=<colcon_core.verb.build.BuildVerb object at 0x7252ad24a440>, main=<bound method BuildVerb.main of <colcon_core.verb.build.BuildVerb object at 0x7252ad24a440>>, mixin_verb=('build',))
[0.166s] Level 1:colcon.colcon_core.package_discovery:discover_packages(colcon_meta) check parameters
[0.166s] Level 1:colcon.colcon_core.package_discovery:discover_packages(recursive) check parameters
[0.166s] Level 1:colcon.colcon_core.package_discovery:discover_packages(ignore) check parameters
[0.166s] Level 1:colcon.colcon_core.package_discovery:discover_packages(path) check parameters
[0.166s] Level 1:colcon.colcon_core.package_discovery:discover_packages(colcon_meta) discover
[0.166s] Level 1:colcon.colcon_core.package_discovery:discover_packages(recursive) discover
[0.166s] INFO:colcon.colcon_core.package_discovery:Crawling recursively for packages in '/home/ayush/ARC_26'
[0.167s] Level 1:colcon.colcon_core.package_identification:_identify(.) by extensions ['ignore', 'ignore_ament_install']
[0.167s] Level 1:colcon.colcon_core.package_identification:_identify(.) by extension 'ignore'
[0.167s] Level 1:colcon.colcon_core.package_identification:_identify(.) by extension 'ignore_ament_install'
[0.167s] Level 1:colcon.colcon_core.package_identification:_identify(.) by extensions ['colcon_pkg']
[0.167s] Level 1:colcon.colcon_core.package_identification:_identify(.) by extension 'colcon_pkg'
[0.167s] Level 1:colcon.colcon_core.package_identification:_identify(.) by extensions ['colcon_meta']
[0.167s] Level 1:colcon.colcon_core.package_identification:_identify(.) by extension 'colcon_meta'
[0.167s] Level 1:colcon.colcon_core.package_identification:_identify(.) by extensions ['ros']
[0.167s] Level 1:colcon.colcon_core.package_identification:_identify(.) by extension 'ros'
[0.189s] Level 1:colcon.colcon_core.package_identification:_identify(.) by extensions ['cmake', 'python']
[0.189s] Level 1:colcon.colcon_core.package_identification:_identify(.) by extension 'cmake'
[0.189s] Level 1:colcon.colcon_core.package_identification:_identify(.) by extension 'python'
[0.189s] Level 1:colcon.colcon_core.package_identification:_identify(.) by extensions ['python_setup_py']
[0.189s] Level 1:colcon.colcon_core.package_identification:_identify(.) by extension 'python_setup_py'
[0.189s] Level 1:colcon.colcon_core.package_identification:_identify(Arduino) by extensions ['ignore', 'ignore_ament_install']
[0.189s] Level 1:colcon.colcon_core.package_identification:_identify(Arduino) by extension 'ignore'
[0.189s] Level 1:colcon.colcon_core.package_identification:_identify(Arduino) by extension 'ignore_ament_install'
[0.189s] Level 1:colcon.colcon_core.package_identification:_identify(Arduino) by extensions ['colcon_pkg']
[0.189s] Level 1:colcon.colcon_core.package_identification:_identify(Arduino) by extension 'colcon_pkg'
[0.189s] Level 1:colcon.colcon_core.package_identification:_identify(Arduino) by extensions ['colcon_meta']
[0.189s] Level 1:colcon.colcon_core.package_identification:_identify(Arduino) by extension 'colcon_meta'
[0.189s] Level 1:colcon.colcon_core.package_identification:_identify(Arduino) by extensions ['ros']
[0.189s] Level 1:colcon.colcon_core.package_identification:_identify(Arduino) by extension 'ros'
[0.189s] Level 1:colcon.colcon_core.package_identification:_identify(Arduino) by extensions ['cmake', 'python']
[0.189s] Level 1:colcon.colcon_core.package_identification:_identify(Arduino) by extension 'cmake'
[0.189s] Level 1:colcon.colcon_core.package_identification:_identify(Arduino) by extension 'python'
[0.189s] Level 1:colcon.colcon_core.package_identification:_identify(Arduino) by extensions ['python_setup_py']
[0.189s] Level 1:colcon.colcon_core.package_identification:_identify(Arduino) by extension 'python_setup_py'
[0.190s] Level 1:colcon.colcon_core.package_identification:_identify(build) by extensions ['ignore', 'ignore_ament_install']
[0.190s] Level 1:colcon.colcon_core.package_identification:_identify(build) by extension 'ignore'
[0.190s] Level 1:colcon.colcon_core.package_identification:_identify(build) ignored
[0.190s] Level 1:colcon.colcon_core.package_identification:_identify(install) by extensions ['ignore', 'ignore_ament_install']
[0.190s] Level 1:colcon.colcon_core.package_identification:_identify(install) by extension 'ignore'
[0.190s] Level 1:colcon.colcon_core.package_identification:_identify(install) ignored
[0.190s] Level 1:colcon.colcon_core.package_identification:_identify(log) by extensions ['ignore', 'ignore_ament_install']
[0.190s] Level 1:colcon.colcon_core.package_identification:_identify(log) by extension 'ignore'
[0.190s] Level 1:colcon.colcon_core.package_identification:_identify(log) ignored
[0.190s] Level 1:colcon.colcon_core.package_identification:_identify(src) by extensions ['ignore', 'ignore_ament_install']
[0.190s] Level 1:colcon.colcon_core.package_identification:_identify(src) by extension 'ignore'
[0.190s] Level 1:colcon.colcon_core.package_identification:_identify(src) by extension 'ignore_ament_install'
[0.190s] Level 1:colcon.colcon_core.package_identification:_identify(src) by extensions ['colcon_pkg']
[0.190s] Level 1:colcon.colcon_core.package_identification:_identify(src) by extension 'colcon_pkg'
[0.190s] Level 1:colcon.colcon_core.package_identification:_identify(src) by extensions ['colcon_meta']
[0.190s] Level 1:colcon.colcon_core.package_identification:_identify(src) by extension 'colcon_meta'
[0.190s] Level 1:colcon.colcon_core.package_identification:_identify(src) by extensions ['ros']
[0.190s] Level 1:colcon.colcon_core.package_identification:_identify(src) by extension 'ros'
[0.190s] Level 1:colcon.colcon_core.package_identification:_identify(src) by extensions ['cmake', 'python']
[0.190s] Level 1:colcon.colcon_core.package_identification:_identify(src) by extension 'cmake'
[0.190s] Level 1:colcon.colcon_core.package_identification:_identify(src) by extension 'python'
[0.190s] Level 1:colcon.colcon_core.package_identification:_identify(src) by extensions ['python_setup_py']
[0.190s] Level 1:colcon.colcon_core.package_identification:_identify(src) by extension 'python_setup_py'
[0.190s] Level 1:colcon.colcon_core.package_identification:_identify(src/drive_controls) by extensions ['ignore', 'ignore_ament_install']
[0.190s] Level 1:colcon.colcon_core.package_identification:_identify(src/drive_controls) by extension 'ignore'
[0.190s] Level 1:colcon.colcon_core.package_identification:_identify(src/drive_controls) by extension 'ignore_ament_install'
[0.190s] Level 1:colcon.colcon_core.package_identification:_identify(src/drive_controls) by extensions ['colcon_pkg']
[0.190s] Level 1:colcon.colcon_core.package_identification:_identify(src/drive_controls) by extension 'colcon_pkg'
[0.190s] Level 1:colcon.colcon_core.package_identification:_identify(src/drive_controls) by extensions ['colcon_meta']
[0.190s] Level 1:colcon.colcon_core.package_identification:_identify(src/drive_controls) by extension 'colcon_meta'
[0.190s] Level 1:colcon.colcon_core.package_identification:_identify(src/drive_controls) by extensions ['ros']
[0.190s] Level 1:colcon.colcon_core.package_identification:_identify(src/drive_controls) by extension 'ros'
[0.192s] DEBUG:colcon.colcon_core.package_identification:Package 'src/drive_controls' with type 'ros.ament_cmake' and name 'drive_controls'
[0.192s] Level 1:colcon.colcon_core.package_identification:_identify(src/kratos_controllers) by extensions ['ignore', 'ignore_ament_install']
[0.192s] Level 1:colcon.colcon_core.package_identification:_identify(src/kratos_controllers) by extension 'ignore'
[0.192s] Level 1:colcon.colcon_core.package_identification:_identify(src/kratos_controllers) by extension 'ignore_ament_install'
[0.192s] Level 1:colcon.colcon_core.package_identification:_identify(src/kratos_controllers) by extensions ['colcon_pkg']
[0.192s] Level 1:colcon.colcon_core.package_identification:_identify(src/kratos_controllers) by extension 'colcon_pkg'
[0.192s] Level 1:colcon.colcon_core.package_identification:_identify(src/kratos_controllers) by extensions ['colcon_meta']
[0.192s] Level 1:colcon.colcon_core.package_identification:_identify(src/kratos_controllers) by extension 'colcon_meta'
[0.192s] Level 1:colcon.colcon_core.package_identification:_identify(src/kratos_controllers) by extensions ['ros']
[0.192s] Level 1:colcon.colcon_core.package_identification:_identify(src/kratos_controllers) by extension 'ros'
[0.192s] DEBUG:colcon.colcon_core.package_identification:Package 'src/kratos_controllers' with type 'ros.ament_cmake' and name 'kratos_controllers'
[0.192s] Level 1:colcon.colcon_core.package_identification:_identify(src/rover_description) by extensions ['ignore', 'ignore_ament_install']
[0.193s] Level 1:colcon.colcon_core.package_identification:_identify(src/rover_description) by extension 'ignore'
[0.193s] Level 1:colcon.colcon_core.package_identification:_identify(src/rover_description) by extension 'ignore_ament_install'
[0.193s] Level 1:colcon.colcon_core.package_identification:_identify(src/rover_description) by extensions ['colcon_pkg']
[0.193s] Level 1:colcon.colcon_core.package_identification:_identify(src/rover_description) by extension 'colcon_pkg'
[0.193s] Level 1:colcon.colcon_core.package_identification:_identify(src/rover_description) by extensions ['colcon_meta']
[0.193s] Level 1:colcon.colcon_core.package_identification:_identify(src/rover_description) by extension 'colcon_meta'
[0.193s] Level 1:colcon.colcon_core.package_identification:_identify(src/rover_description) by extensions ['ros']
[0.193s] Level 1:colcon.colcon_core.package_identification:_identify(src/rover_description) by extension 'ros'
[0.193s] DEBUG:colcon.colcon_core.package_identification:Package 'src/rover_description' with type 'ros.ament_cmake' and name 'rover_description'
[0.193s] Level 1:colcon.colcon_core.package_discovery:discover_packages(recursive) using defaults
[0.193s] Level 1:colcon.colcon_core.package_discovery:discover_packages(ignore) discover
[0.193s] Level 1:colcon.colcon_core.package_discovery:discover_packages(ignore) using defaults
[0.193s] Level 1:colcon.colcon_core.package_discovery:discover_packages(path) discover
[0.193s] Level 1:colcon.colcon_core.package_discovery:discover_packages(path) using defaults
[0.205s] Level 1:colcon.colcon_core.package_discovery:discover_packages(prefix_path) check parameters
[0.205s] Level 1:colcon.colcon_core.package_discovery:discover_packages(prefix_path) discover
[0.207s] DEBUG:colcon.colcon_installed_package_information.package_discovery:Found 3 installed packages in /home/ayush/ARC_26/install
[0.207s] DEBUG:colcon.colcon_installed_package_information.package_discovery:Found 11 installed packages in /home/ayush/controls_ws/install
[0.208s] DEBUG:colcon.colcon_installed_package_information.package_discovery:Found 42 installed packages in /home/ayush/microros_ws/install
[0.209s] DEBUG:colcon.colcon_installed_package_information.package_discovery:Found 311 installed packages in /opt/ros/humble
[0.210s] Level 1:colcon.colcon_core.package_discovery:discover_packages(prefix_path) using defaults
[0.228s] Level 5:colcon.colcon_core.verb:set package 'drive_controls' build argument 'cmake_args' from command line to 'None'
[0.228s] Level 5:colcon.colcon_core.verb:set package 'drive_controls' build argument 'cmake_target' from command line to 'None'
[0.228s] Level 5:colcon.colcon_core.verb:set package 'drive_controls' build argument 'cmake_target_skip_unavailable' from command line to 'False'
[0.228s] Level 5:colcon.colcon_core.verb:set package 'drive_controls' build argument 'cmake_clean_cache' from command line to 'False'
[0.228s] Level 5:colcon.colcon_core.verb:set package 'drive_controls' build argument 'cmake_clean_first' from command line to 'False'
[0.228s] Level 5:colcon.colcon_core.verb:set package 'drive_controls' build argument 'cmake_force_configure' from command line to 'False'
[0.228s] Level 5:colcon.colcon_core.verb:set package 'drive_controls' build argument 'ament_cmake_args' from command line to 'None'
[0.228s] Level 5:colcon.colcon_core.verb:set package 'drive_controls' build argument 'catkin_cmake_args' from command line to 'None'
[0.228s] Level 5:colcon.colcon_core.verb:set package 'drive_controls' build argument 'catkin_skip_building_tests' from command line to 'False'
[0.228s] DEBUG:colcon.colcon_core.verb:Building package 'drive_controls' with the following arguments: {'ament_cmake_args': None, 'build_base': '/home/ayush/ARC_26/build/drive_controls', 'catkin_cmake_args': None, 'catkin_skip_building_tests': False, 'cmake_args': None, 'cmake_clean_cache': False, 'cmake_clean_first': False, 'cmake_force_configure': False, 'cmake_target': None, 'cmake_target_skip_unavailable': False, 'install_base': '/home/ayush/ARC_26/install/drive_controls', 'merge_install': False, 'path': '/home/ayush/ARC_26/src/drive_controls', 'symlink_install': False, 'test_result_base': None}
[0.228s] Level 5:colcon.colcon_core.verb:set package 'kratos_controllers' build argument 'cmake_args' from command line to 'None'
[0.229s] Level 5:colcon.colcon_core.verb:set package 'kratos_controllers' build argument 'cmake_target' from command line to 'None'
[0.229s] Level 5:colcon.colcon_core.verb:set package 'kratos_controllers' build argument 'cmake_target_skip_unavailable' from command line to 'False'
[0.229s] Level 5:colcon.colcon_core.verb:set package 'kratos_controllers' build argument 'cmake_clean_cache' from command line to 'False'
[0.229s] Level 5:colcon.colcon_core.verb:set package 'kratos_controllers' build argument 'cmake_clean_first' from command line to 'False'
[0.229s] Level 5:colcon.colcon_core.verb:set package 'kratos_controllers' build argument 'cmake_force_configure' from command line to 'False'
[0.229s] Level 5:colcon.colcon_core.verb:set package 'kratos_controllers' build argument 'ament_cmake_args' from command line to 'None'
[0.229s] Level 5:colcon.colcon_core.verb:set package 'kratos_controllers' build argument 'catkin_cmake_args' from command line to 'None'
[0.229s] Level 5:colcon.colcon_core.verb:set package 'kratos_controllers' build argument 'catkin_skip_building_tests' from command line to 'False'
[0.229s] DEBUG:colcon.colcon_core.verb:Building package 'kratos_controllers' with the following arguments: {'ament_cmake_args': None, 'build_base': '/home/ayush/ARC_26/build/kratos_controllers', 'catkin_cmake_args': None, 'catkin_skip_building_tests': False, 'cmake_args': None, 'cmake_clean_cache': False, 'cmake_clean_first': False, 'cmake_force_configure': False, 'cmake_target': None, 'cmake_target_skip_unavailable': False, 'install_base': '/home/ayush/ARC_26/install/kratos_controllers', 'merge_install': False, 'path': '/home/ayush/ARC_26/src/kratos_controllers', 'symlink_install': False, 'test_result_base': None}
[0.229s] Level 5:colcon.colcon_core.verb:set package 'rover_description' build argument 'cmake_args' from command line to 'None'
[0.229s] Level 5:colcon.colcon_core.verb:set package 'rover_description' build argument 'cmake_target' from command line to 'None'
[0.229s] Level 5:colcon.colcon_core.verb:set package 'rover_description' build argument 'cmake_target_skip_unavailable' from command line to 'False'
[0.229s] Level 5:colcon.colcon_core.verb:set package 'rover_description' build argument 'cmake_clean_cache' from command line to 'False'
[0.229s] Level 5:colcon.colcon_core.verb:set package 'rover_description' build argument 'cmake_clean_first' from command line to 'False'
[0.229s] Level 5:colcon.colcon_core.verb:set package 'rover_description' build argument 'cmake_force_configure' from command line to 'False'
[0.229s] Level 5:colcon.colcon_core.verb:set package 'rover_description' build argument 'ament_cmake_args' from command line to 'None'
[0.229s] Level 5:colcon.colcon_core.verb:set package 'rover_description' build argument 'catkin_cmake_args' from command line to 'None'
[0.229s] Level 5:colcon.colcon_core.verb:set package 'rover_description' build argument 'catkin_skip_building_tests' from command line to 'False'
[0.229s] DEBUG:colcon.colcon_core.verb:Building package 'rover_description' with the following arguments: {'ament_cmake_args': None, 'build_base': '/home/ayush/ARC_26/build/rover_description', 'catkin_cmake_args': None, 'catkin_skip_building_tests': False, 'cmake_args': None, 'cmake_clean_cache': False, 'cmake_clean_first': False, 'cmake_force_configure': False, 'cmake_target': None, 'cmake_target_skip_unavailable': False, 'install_base': '/home/ayush/ARC_26/install/rover_description', 'merge_install': False, 'path': '/home/ayush/ARC_26/src/rover_description', 'symlink_install': False, 'test_result_base': None}
[0.229s] INFO:colcon.colcon_core.executor:Executing jobs using 'parallel' executor
[0.230s] DEBUG:colcon.colcon_parallel_executor.executor.parallel:run_until_complete
[0.230s] INFO:colcon.colcon_ros.task.ament_cmake.build:Building ROS package in '/home/ayush/ARC_26/src/drive_controls' with build type 'ament_cmake'
[0.230s] INFO:colcon.colcon_cmake.task.cmake.build:Building CMake package in '/home/ayush/ARC_26/src/drive_controls'
[0.231s] INFO:colcon.colcon_core.plugin_system:Skipping extension 'colcon_core.shell.bat': Not used on non-Windows systems
[0.231s] INFO:colcon.colcon_core.shell:Skip shell extension 'powershell' for command environment: Not usable outside of PowerShell
[0.231s] DEBUG:colcon.colcon_core.shell:Skip shell extension 'dsv' for command environment
[0.235s] INFO:colcon.colcon_ros.task.ament_cmake.build:Building ROS package in '/home/ayush/ARC_26/src/kratos_controllers' with build type 'ament_cmake'
[0.235s] INFO:colcon.colcon_cmake.task.cmake.build:Building CMake package in '/home/ayush/ARC_26/src/kratos_controllers'
[0.235s] INFO:colcon.colcon_core.shell:Skip shell extension 'powershell' for command environment: Not usable outside of PowerShell
[0.235s] DEBUG:colcon.colcon_core.shell:Skip shell extension 'dsv' for command environment
[0.238s] INFO:colcon.colcon_ros.task.ament_cmake.build:Building ROS package in '/home/ayush/ARC_26/src/rover_description' with build type 'ament_cmake'
[0.238s] INFO:colcon.colcon_cmake.task.cmake.build:Building CMake package in '/home/ayush/ARC_26/src/rover_description'
[0.238s] INFO:colcon.colcon_core.shell:Skip shell extension 'powershell' for command environment: Not usable outside of PowerShell
[0.238s] DEBUG:colcon.colcon_core.shell:Skip shell extension 'dsv' for command environment
[0.245s] DEBUG:colcon.colcon_core.event_handler.log_command:Invoking command in '/home/ayush/ARC_26/build/drive_controls': CMAKE_PREFIX_PATH=${CMAKE_PREFIX_PATH}:/home/ayush/microros_ws/install/sensor_msgs_py:/home/ayush/microros_ws/install/my_py_pkg:/home/ayush/microros_ws/install/my_py_node:/home/ayush/microros_ws/install/joy_bridge:/home/ayush/controls_ws/install/my_py_pkg:/home/ayush/controls_ws/install/joy_bridge:/home/ayush/controls_ws/install/drive_led_pkg:/opt/ros/humble /usr/bin/cmake --build /home/ayush/ARC_26/build/drive_controls -- -j20 -l20
[0.246s] DEBUG:colcon.colcon_core.event_handler.log_command:Invoking command in '/home/ayush/ARC_26/build/kratos_controllers': CMAKE_PREFIX_PATH=${CMAKE_PREFIX_PATH}:/home/ayush/microros_ws/install/sensor_msgs_py:/home/ayush/microros_ws/install/my_py_pkg:/home/ayush/microros_ws/install/my_py_node:/home/ayush/microros_ws/install/joy_bridge:/home/ayush/controls_ws/install/my_py_pkg:/home/ayush/controls_ws/install/joy_bridge:/home/ayush/controls_ws/install/drive_led_pkg:/opt/ros/humble /usr/bin/cmake --build /home/ayush/ARC_26/build/kratos_controllers -- -j20 -l20
[0.248s] DEBUG:colcon.colcon_core.event_handler.log_command:Invoking command in '/home/ayush/ARC_26/build/rover_description': CMAKE_PREFIX_PATH=${CMAKE_PREFIX_PATH}:/home/ayush/microros_ws/install/sensor_msgs_py:/home/ayush/microros_ws/install/my_py_pkg:/home/ayush/microros_ws/install/my_py_node:/home/ayush/microros_ws/install/joy_bridge:/home/ayush/controls_ws/install/my_py_pkg:/home/ayush/controls_ws/install/joy_bridge:/home/ayush/controls_ws/install/drive_led_pkg:/opt/ros/humble /usr/bin/cmake --build /home/ayush/ARC_26/build/rover_description -- -j20 -l20
[0.323s] DEBUG:colcon.colcon_core.event_handler.log_command:Invoked command in '/home/ayush/ARC_26/build/rover_description' returned '0': CMAKE_PREFIX_PATH=${CMAKE_PREFIX_PATH}:/home/ayush/microros_ws/install/sensor_msgs_py:/home/ayush/microros_ws/install/my_py_pkg:/home/ayush/microros_ws/install/my_py_node:/home/ayush/microros_ws/install/joy_bridge:/home/ayush/controls_ws/install/my_py_pkg:/home/ayush/controls_ws/install/joy_bridge:/home/ayush/controls_ws/install/drive_led_pkg:/opt/ros/humble /usr/bin/cmake --build /home/ayush/ARC_26/build/rover_description -- -j20 -l20
[0.349s] DEBUG:colcon.colcon_core.event_handler.log_command:Invoking command in '/home/ayush/ARC_26/build/rover_description': CMAKE_PREFIX_PATH=${CMAKE_PREFIX_PATH}:/home/ayush/microros_ws/install/sensor_msgs_py:/home/ayush/microros_ws/install/my_py_pkg:/home/ayush/microros_ws/install/my_py_node:/home/ayush/microros_ws/install/joy_bridge:/home/ayush/controls_ws/install/my_py_pkg:/home/ayush/controls_ws/install/joy_bridge:/home/ayush/controls_ws/install/drive_led_pkg:/opt/ros/humble /usr/bin/cmake --install /home/ayush/ARC_26/build/rover_description
[0.352s] DEBUG:colcon.colcon_core.event_handler.log_command:Invoked command in '/home/ayush/ARC_26/build/drive_controls' returned '0': CMAKE_PREFIX_PATH=${CMAKE_PREFIX_PATH}:/home/ayush/microros_ws/install/sensor_msgs_py:/home/ayush/microros_ws/install/my_py_pkg:/home/ayush/microros_ws/install/my_py_node:/home/ayush/microros_ws/install/joy_bridge:/home/ayush/controls_ws/install/my_py_pkg:/home/ayush/controls_ws/install/joy_bridge:/home/ayush/controls_ws/install/drive_led_pkg:/opt/ros/humble /usr/bin/cmake --build /home/ayush/ARC_26/build/drive_controls -- -j20 -l20
[0.355s] DEBUG:colcon.colcon_core.event_handler.log_command:Invoking command in '/home/ayush/ARC_26/build/drive_controls': CMAKE_PREFIX_PATH=${CMAKE_PREFIX_PATH}:/home/ayush/microros_ws/install/sensor_msgs_py:/home/ayush/microros_ws/install/my_py_pkg:/home/ayush/microros_ws/install/my_py_node:/home/ayush/microros_ws/install/joy_bridge:/home/ayush/controls_ws/install/my_py_pkg:/home/ayush/controls_ws/install/joy_bridge:/home/ayush/controls_ws/install/drive_led_pkg:/opt/ros/humble /usr/bin/cmake --install /home/ayush/ARC_26/build/drive_controls
[0.381s] Level 1:colcon.colcon_core.environment:create_environment_scripts_only(rover_description)
[0.392s] DEBUG:colcon.colcon_core.event_handler.log_command:Invoked command in '/home/ayush/ARC_26/build/rover_description' returned '0': CMAKE_PREFIX_PATH=${CMAKE_PREFIX_PATH}:/home/ayush/microros_ws/install/sensor_msgs_py:/home/ayush/microros_ws/install/my_py_pkg:/home/ayush/microros_ws/install/my_py_node:/home/ayush/microros_ws/install/joy_bridge:/home/ayush/controls_ws/install/my_py_pkg:/home/ayush/controls_ws/install/joy_bridge:/home/ayush/controls_ws/install/drive_led_pkg:/opt/ros/humble /usr/bin/cmake --install /home/ayush/ARC_26/build/rover_description
[0.399s] Level 1:colcon.colcon_core.environment:checking '/home/ayush/ARC_26/install/rover_description' for CMake module files
[0.401s] Level 1:colcon.colcon_core.environment:checking '/home/ayush/ARC_26/install/rover_description' for CMake config files
[0.402s] Level 1:colcon.colcon_core.shell:create_environment_hook('rover_description', 'cmake_prefix_path')
[0.403s] INFO:colcon.colcon_core.shell:Creating environment hook '/home/ayush/ARC_26/install/rover_description/share/rover_description/hook/cmake_prefix_path.ps1'
[0.405s] INFO:colcon.colcon_core.shell:Creating environment descriptor '/home/ayush/ARC_26/install/rover_description/share/rover_description/hook/cmake_prefix_path.dsv'
[0.406s] INFO:colcon.colcon_core.shell:Creating environment hook '/home/ayush/ARC_26/install/rover_description/share/rover_description/hook/cmake_prefix_path.sh'
[0.408s] Level 1:colcon.colcon_core.environment:checking '/home/ayush/ARC_26/install/rover_description/bin'
[0.409s] Level 1:colcon.colcon_core.environment:checking '/home/ayush/ARC_26/install/rover_description/lib/pkgconfig/rover_description.pc'
[0.409s] Level 1:colcon.colcon_core.environment:checking '/home/ayush/ARC_26/install/rover_description/lib/python3.10/site-packages'
[0.410s] Level 1:colcon.colcon_core.environment:checking '/home/ayush/ARC_26/install/rover_description/bin'
[0.410s] INFO:colcon.colcon_core.shell:Creating package script '/home/ayush/ARC_26/install/rover_description/share/rover_description/package.ps1'
[0.412s] INFO:colcon.colcon_core.shell:Creating package descriptor '/home/ayush/ARC_26/install/rover_description/share/rover_description/package.dsv'
[0.413s] INFO:colcon.colcon_core.shell:Creating package script '/home/ayush/ARC_26/install/rover_description/share/rover_description/package.sh'
[0.415s] INFO:colcon.colcon_core.shell:Creating package script '/home/ayush/ARC_26/install/rover_description/share/rover_description/package.bash'
[0.416s] INFO:colcon.colcon_core.shell:Creating package script '/home/ayush/ARC_26/install/rover_description/share/rover_description/package.zsh'
[0.417s] Level 1:colcon.colcon_core.environment:create_file_with_runtime_dependencies(/home/ayush/ARC_26/install/rover_description/share/colcon-core/packages/rover_description)
[0.419s] Level 1:colcon.colcon_core.environment:create_environment_scripts_only(rover_description)
[0.419s] Level 1:colcon.colcon_core.environment:checking '/home/ayush/ARC_26/install/rover_description' for CMake module files
[0.420s] Level 1:colcon.colcon_core.environment:checking '/home/ayush/ARC_26/install/rover_description' for CMake config files
[0.421s] Level 1:colcon.colcon_core.shell:create_environment_hook('rover_description', 'cmake_prefix_path')
[0.421s] INFO:colcon.colcon_core.shell:Creating environment hook '/home/ayush/ARC_26/install/rover_description/share/rover_description/hook/cmake_prefix_path.ps1'
[0.422s] INFO:colcon.colcon_core.shell:Creating environment descriptor '/home/ayush/ARC_26/install/rover_description/share/rover_description/hook/cmake_prefix_path.dsv'
[0.423s] INFO:colcon.colcon_core.shell:Creating environment hook '/home/ayush/ARC_26/install/rover_description/share/rover_description/hook/cmake_prefix_path.sh'
[0.424s] Level 1:colcon.colcon_core.environment:checking '/home/ayush/ARC_26/install/rover_description/bin'
[0.424s] Level 1:colcon.colcon_core.environment:checking '/home/ayush/ARC_26/install/rover_description/lib/pkgconfig/rover_description.pc'
[0.425s] Level 1:colcon.colcon_core.environment:checking '/home/ayush/ARC_26/install/rover_description/lib/python3.10/site-packages'
[0.425s] Level 1:colcon.colcon_core.environment:checking '/home/ayush/ARC_26/install/rover_description/bin'
[0.426s] INFO:colcon.colcon_core.shell:Creating package script '/home/ayush/ARC_26/install/rover_description/share/rover_description/package.ps1'
[0.427s] INFO:colcon.colcon_core.shell:Creating package descriptor '/home/ayush/ARC_26/install/rover_description/share/rover_description/package.dsv'
[0.428s] INFO:colcon.colcon_core.shell:Creating package script '/home/ayush/ARC_26/install/rover_description/share/rover_description/package.sh'
[0.429s] INFO:colcon.colcon_core.shell:Creating package script '/home/ayush/ARC_26/install/rover_description/share/rover_description/package.bash'
[0.430s] INFO:colcon.colcon_core.shell:Creating package script '/home/ayush/ARC_26/install/rover_description/share/rover_description/package.zsh'
[0.432s] Level 1:colcon.colcon_core.environment:create_file_with_runtime_dependencies(/home/ayush/ARC_26/install/rover_description/share/colcon-core/packages/rover_description)
[0.436s] DEBUG:colcon.colcon_core.event_handler.log_command:Invoked command in '/home/ayush/ARC_26/build/kratos_controllers' returned '0': CMAKE_PREFIX_PATH=${CMAKE_PREFIX_PATH}:/home/ayush/microros_ws/install/sensor_msgs_py:/home/ayush/microros_ws/install/my_py_pkg:/home/ayush/microros_ws/install/my_py_node:/home/ayush/microros_ws/install/joy_bridge:/home/ayush/controls_ws/install/my_py_pkg:/home/ayush/controls_ws/install/joy_bridge:/home/ayush/controls_ws/install/drive_led_pkg:/opt/ros/humble /usr/bin/cmake --build /home/ayush/ARC_26/build/kratos_controllers -- -j20 -l20
[0.439s] DEBUG:colcon.colcon_core.event_handler.log_command:Invoking command in '/home/ayush/ARC_26/build/kratos_controllers': CMAKE_PREFIX_PATH=${CMAKE_PREFIX_PATH}:/home/ayush/microros_ws/install/sensor_msgs_py:/home/ayush/microros_ws/install/my_py_pkg:/home/ayush/microros_ws/install/my_py_node:/home/ayush/microros_ws/install/joy_bridge:/home/ayush/controls_ws/install/my_py_pkg:/home/ayush/controls_ws/install/joy_bridge:/home/ayush/controls_ws/install/drive_led_pkg:/opt/ros/humble /usr/bin/cmake --install /home/ayush/ARC_26/build/kratos_controllers
[0.439s] Level 1:colcon.colcon_core.environment:create_environment_scripts_only(drive_controls)
[0.441s] DEBUG:colcon.colcon_core.event_handler.log_command:Invoked command in '/home/ayush/ARC_26/build/drive_controls' returned '0': CMAKE_PREFIX_PATH=${CMAKE_PREFIX_PATH}:/home/ayush/microros_ws/install/sensor_msgs_py:/home/ayush/microros_ws/install/my_py_pkg:/home/ayush/microros_ws/install/my_py_node:/home/ayush/microros_ws/install/joy_bridge:/home/ayush/controls_ws/install/my_py_pkg:/home/ayush/controls_ws/install/joy_bridge:/home/ayush/controls_ws/install/drive_led_pkg:/opt/ros/humble /usr/bin/cmake --install /home/ayush/ARC_26/build/drive_controls
[0.441s] Level 1:colcon.colcon_core.environment:checking '/home/ayush/ARC_26/install/drive_controls' for CMake module files
[0.442s] Level 1:colcon.colcon_core.environment:checking '/home/ayush/ARC_26/install/drive_controls' for CMake config files
[0.443s] Level 1:colcon.colcon_core.shell:create_environment_hook('drive_controls', 'cmake_prefix_path')
[0.443s] INFO:colcon.colcon_core.shell:Creating environment hook '/home/ayush/ARC_26/install/drive_controls/share/drive_controls/hook/cmake_prefix_path.ps1'
[0.444s] INFO:colcon.colcon_core.shell:Creating environment descriptor '/home/ayush/ARC_26/install/drive_controls/share/drive_controls/hook/cmake_prefix_path.dsv'
[0.445s] INFO:colcon.colcon_core.shell:Creating environment hook '/home/ayush/ARC_26/install/drive_controls/share/drive_controls/hook/cmake_prefix_path.sh'
[0.446s] Level 1:colcon.colcon_core.environment:checking '/home/ayush/ARC_26/install/drive_controls/lib'
[0.447s] Level 1:colcon.colcon_core.environment:checking '/home/ayush/ARC_26/install/drive_controls/bin'
[0.447s] Level 1:colcon.colcon_core.environment:checking '/home/ayush/ARC_26/install/drive_controls/lib/pkgconfig/drive_controls.pc'
[0.447s] Level 1:colcon.colcon_core.environment:checking '/home/ayush/ARC_26/install/drive_controls/lib/python3.10/site-packages'
[0.448s] Level 1:colcon.colcon_core.environment:checking '/home/ayush/ARC_26/install/drive_controls/bin'
[0.449s] INFO:colcon.colcon_core.shell:Creating package script '/home/ayush/ARC_26/install/drive_controls/share/drive_controls/package.ps1'
[0.450s] INFO:colcon.colcon_core.shell:Creating package descriptor '/home/ayush/ARC_26/install/drive_controls/share/drive_controls/package.dsv'
[0.450s] INFO:colcon.colcon_core.shell:Creating package script '/home/ayush/ARC_26/install/drive_controls/share/drive_controls/package.sh'
[0.451s] INFO:colcon.colcon_core.shell:Creating package script '/home/ayush/ARC_26/install/drive_controls/share/drive_controls/package.bash'
[0.452s] INFO:colcon.colcon_core.shell:Creating package script '/home/ayush/ARC_26/install/drive_controls/share/drive_controls/package.zsh'
[0.453s] Level 1:colcon.colcon_core.environment:create_file_with_runtime_dependencies(/home/ayush/ARC_26/install/drive_controls/share/colcon-core/packages/drive_controls)
[0.454s] Level 1:colcon.colcon_core.environment:create_environment_scripts_only(drive_controls)
[0.455s] Level 1:colcon.colcon_core.environment:checking '/home/ayush/ARC_26/install/drive_controls' for CMake module files
[0.456s] Level 1:colcon.colcon_core.environment:checking '/home/ayush/ARC_26/install/drive_controls' for CMake config files
[0.456s] Level 1:colcon.colcon_core.shell:create_environment_hook('drive_controls', 'cmake_prefix_path')
[0.456s] INFO:colcon.colcon_core.shell:Creating environment hook '/home/ayush/ARC_26/install/drive_controls/share/drive_controls/hook/cmake_prefix_path.ps1'
[0.457s] INFO:colcon.colcon_core.shell:Creating environment descriptor '/home/ayush/ARC_26/install/drive_controls/share/drive_controls/hook/cmake_prefix_path.dsv'
[0.458s] INFO:colcon.colcon_core.shell:Creating environment hook '/home/ayush/ARC_26/install/drive_controls/share/drive_controls/hook/cmake_prefix_path.sh'
[0.459s] Level 1:colcon.colcon_core.environment:checking '/home/ayush/ARC_26/install/drive_controls/lib'
[0.460s] Level 1:colcon.colcon_core.environment:checking '/home/ayush/ARC_26/install/drive_controls/bin'
[0.460s] Level 1:colcon.colcon_core.environment:checking '/home/ayush/ARC_26/install/drive_controls/lib/pkgconfig/drive_controls.pc'
[0.460s] Level 1:colcon.colcon_core.environment:checking '/home/ayush/ARC_26/install/drive_controls/lib/python3.10/site-packages'
[0.461s] Level 1:colcon.colcon_core.environment:checking '/home/ayush/ARC_26/install/drive_controls/bin'
[0.462s] INFO:colcon.colcon_core.shell:Creating package script '/home/ayush/ARC_26/install/drive_controls/share/drive_controls/package.ps1'
[0.464s] INFO:colcon.colcon_core.shell:Creating package descriptor '/home/ayush/ARC_26/install/drive_controls/share/drive_controls/package.dsv'
[0.466s] INFO:colcon.colcon_core.shell:Creating package script '/home/ayush/ARC_26/install/drive_controls/share/drive_controls/package.sh'
[0.468s] INFO:colcon.colcon_core.shell:Creating package script '/home/ayush/ARC_26/install/drive_controls/share/drive_controls/package.bash'
[0.469s] INFO:colcon.colcon_core.shell:Creating package script '/home/ayush/ARC_26/install/drive_controls/share/drive_controls/package.zsh'
[0.470s] Level 1:colcon.colcon_core.environment:create_file_with_runtime_dependencies(/home/ayush/ARC_26/install/drive_controls/share/colcon-core/packages/drive_controls)
[0.472s] Level 1:colcon.colcon_core.environment:create_environment_scripts_only(kratos_controllers)
[0.473s] Level 1:colcon.colcon_core.environment:checking '/home/ayush/ARC_26/install/kratos_controllers' for CMake module files
[0.474s] Level 1:colcon.colcon_core.environment:checking '/home/ayush/ARC_26/install/kratos_controllers' for CMake config files
[0.477s] Level 1:colcon.colcon_core.shell:create_environment_hook('kratos_controllers', 'cmake_prefix_path')
[0.478s] INFO:colcon.colcon_core.shell:Creating environment hook '/home/ayush/ARC_26/install/kratos_controllers/share/kratos_controllers/hook/cmake_prefix_path.ps1'
[0.479s] INFO:colcon.colcon_core.shell:Creating environment descriptor '/home/ayush/ARC_26/install/kratos_controllers/share/kratos_controllers/hook/cmake_prefix_path.dsv'
[0.480s] INFO:colcon.colcon_core.shell:Creating environment hook '/home/ayush/ARC_26/install/kratos_controllers/share/kratos_controllers/hook/cmake_prefix_path.sh'
[0.482s] DEBUG:colcon.colcon_core.event_handler.log_command:Invoked command in '/home/ayush/ARC_26/build/kratos_controllers' returned '0': CMAKE_PREFIX_PATH=${CMAKE_PREFIX_PATH}:/home/ayush/microros_ws/install/sensor_msgs_py:/home/ayush/microros_ws/install/my_py_pkg:/home/ayush/microros_ws/install/my_py_node:/home/ayush/microros_ws/install/joy_bridge:/home/ayush/controls_ws/install/my_py_pkg:/home/ayush/controls_ws/install/joy_bridge:/home/ayush/controls_ws/install/drive_led_pkg:/opt/ros/humble /usr/bin/cmake --install /home/ayush/ARC_26/build/kratos_controllers
[0.483s] Level 1:colcon.colcon_core.environment:checking '/home/ayush/ARC_26/install/kratos_controllers/lib'
[0.483s] Level 1:colcon.colcon_core.shell:create_environment_hook('kratos_controllers', 'ld_library_path_lib')
[0.483s] INFO:colcon.colcon_core.shell:Creating environment hook '/home/ayush/ARC_26/install/kratos_controllers/share/kratos_controllers/hook/ld_library_path_lib.ps1'
[0.484s] INFO:colcon.colcon_core.shell:Creating environment descriptor '/home/ayush/ARC_26/install/kratos_controllers/share/kratos_controllers/hook/ld_library_path_lib.dsv'
[0.485s] INFO:colcon.colcon_core.shell:Creating environment hook '/home/ayush/ARC_26/install/kratos_controllers/share/kratos_controllers/hook/ld_library_path_lib.sh'
[0.486s] Level 1:colcon.colcon_core.environment:checking '/home/ayush/ARC_26/install/kratos_controllers/bin'
[0.486s] Level 1:colcon.colcon_core.environment:checking '/home/ayush/ARC_26/install/kratos_controllers/lib/pkgconfig/kratos_controllers.pc'
[0.486s] Level 1:colcon.colcon_core.environment:checking '/home/ayush/ARC_26/install/kratos_controllers/lib/python3.10/site-packages'
[0.487s] Level 1:colcon.colcon_core.environment:checking '/home/ayush/ARC_26/install/kratos_controllers/bin'
[0.487s] INFO:colcon.colcon_core.shell:Creating package script '/home/ayush/ARC_26/install/kratos_controllers/share/kratos_controllers/package.ps1'
[0.488s] INFO:colcon.colcon_core.shell:Creating package descriptor '/home/ayush/ARC_26/install/kratos_controllers/share/kratos_controllers/package.dsv'
[0.489s] INFO:colcon.colcon_core.shell:Creating package script '/home/ayush/ARC_26/install/kratos_controllers/share/kratos_controllers/package.sh'
[0.490s] INFO:colcon.colcon_core.shell:Creating package script '/home/ayush/ARC_26/install/kratos_controllers/share/kratos_controllers/package.bash'
[0.491s] INFO:colcon.colcon_core.shell:Creating package script '/home/ayush/ARC_26/install/kratos_controllers/share/kratos_controllers/package.zsh'
[0.492s] Level 1:colcon.colcon_core.environment:create_file_with_runtime_dependencies(/home/ayush/ARC_26/install/kratos_controllers/share/colcon-core/packages/kratos_controllers)
[0.493s] Level 1:colcon.colcon_core.environment:create_environment_scripts_only(kratos_controllers)
[0.493s] Level 1:colcon.colcon_core.environment:checking '/home/ayush/ARC_26/install/kratos_controllers' for CMake module files
[0.494s] Level 1:colcon.colcon_core.environment:checking '/home/ayush/ARC_26/install/kratos_controllers' for CMake config files
[0.494s] Level 1:colcon.colcon_core.shell:create_environment_hook('kratos_controllers', 'cmake_prefix_path')
[0.495s] INFO:colcon.colcon_core.shell:Creating environment hook '/home/ayush/ARC_26/install/kratos_controllers/share/kratos_controllers/hook/cmake_prefix_path.ps1'
[0.496s] INFO:colcon.colcon_core.shell:Creating environment descriptor '/home/ayush/ARC_26/install/kratos_controllers/share/kratos_controllers/hook/cmake_prefix_path.dsv'
[0.496s] INFO:colcon.colcon_core.shell:Creating environment hook '/home/ayush/ARC_26/install/kratos_controllers/share/kratos_controllers/hook/cmake_prefix_path.sh'
[0.498s] Level 1:colcon.colcon_core.environment:checking '/home/ayush/ARC_26/install/kratos_controllers/lib'
[0.498s] Level 1:colcon.colcon_core.shell:create_environment_hook('kratos_controllers', 'ld_library_path_lib')
[0.498s] INFO:colcon.colcon_core.shell:Creating environment hook '/home/ayush/ARC_26/install/kratos_controllers/share/kratos_controllers/hook/ld_library_path_lib.ps1'
[0.499s] INFO:colcon.colcon_core.shell:Creating environment descriptor '/home/ayush/ARC_26/install/kratos_controllers/share/kratos_controllers/hook/ld_library_path_lib.dsv'
[0.500s] INFO:colcon.colcon_core.shell:Creating environment hook '/home/ayush/ARC_26/install/kratos_controllers/share/kratos_controllers/hook/ld_library_path_lib.sh'
[0.500s] Level 1:colcon.colcon_core.environment:checking '/home/ayush/ARC_26/install/kratos_controllers/bin'
[0.500s] Level 1:colcon.colcon_core.environment:checking '/home/ayush/ARC_26/install/kratos_controllers/lib/pkgconfig/kratos_controllers.pc'
[0.501s] Level 1:colcon.colcon_core.environment:checking '/home/ayush/ARC_26/install/kratos_controllers/lib/python3.10/site-packages'
[0.501s] Level 1:colcon.colcon_core.environment:checking '/home/ayush/ARC_26/install/kratos_controllers/bin'
[0.502s] INFO:colcon.colcon_core.shell:Creating package script '/home/ayush/ARC_26/install/kratos_controllers/share/kratos_controllers/package.ps1'
[0.503s] INFO:colcon.colcon_core.shell:Creating package descriptor '/home/ayush/ARC_26/install/kratos_controllers/share/kratos_controllers/package.dsv'
[0.504s] INFO:colcon.colcon_core.shell:Creating package script '/home/ayush/ARC_26/install/kratos_controllers/share/kratos_controllers/package.sh'
[0.505s] INFO:colcon.colcon_core.shell:Creating package script '/home/ayush/ARC_26/install/kratos_controllers/share/kratos_controllers/package.bash'
[0.506s] INFO:colcon.colcon_core.shell:Creating package script '/home/ayush/ARC_26/install/kratos_controllers/share/kratos_controllers/package.zsh'
[0.507s] Level 1:colcon.colcon_core.environment:create_file_with_runtime_dependencies(/home/ayush/ARC_26/install/kratos_controllers/share/colcon-core/packages/kratos_controllers)
[0.507s] DEBUG:colcon.colcon_parallel_executor.executor.parallel:closing loop
[0.508s] DEBUG:colcon.colcon_parallel_executor.executor.parallel:loop closed
[0.508s] DEBUG:colcon.colcon_parallel_executor.executor.parallel:run_until_complete finished with '0'
[0.508s] DEBUG:colcon.colcon_core.event_reactor:joining thread
[0.521s] INFO:colcon.colcon_core.plugin_system:Skipping extension 'colcon_notification.desktop_notification.terminal_notifier': Not used on non-Darwin systems
[0.522s] INFO:colcon.colcon_core.plugin_system:Skipping extension 'colcon_notification.desktop_notification.win32': Not used on non-Windows systems
[0.522s] INFO:colcon.colcon_notification.desktop_notification:Sending desktop notification using 'notify2'
[0.541s] DEBUG:colcon.colcon_core.event_reactor:joined thread
[0.541s] INFO:colcon.colcon_core.shell:Creating prefix script '/home/ayush/ARC_26/install/local_setup.ps1'
[0.544s] INFO:colcon.colcon_core.shell:Creating prefix util module '/home/ayush/ARC_26/install/_local_setup_util_ps1.py'
[0.546s] INFO:colcon.colcon_core.shell:Creating prefix chain script '/home/ayush/ARC_26/install/setup.ps1'
[0.552s] INFO:colcon.colcon_core.shell:Creating prefix script '/home/ayush/ARC_26/install/local_setup.sh'
[0.553s] INFO:colcon.colcon_core.shell:Creating prefix util module '/home/ayush/ARC_26/install/_local_setup_util_sh.py'
[0.554s] INFO:colcon.colcon_core.shell:Creating prefix chain script '/home/ayush/ARC_26/install/setup.sh'
[0.560s] INFO:colcon.colcon_core.shell:Creating prefix script '/home/ayush/ARC_26/install/local_setup.bash'
[0.561s] INFO:colcon.colcon_core.shell:Creating prefix chain script '/home/ayush/ARC_26/install/setup.bash'
[0.566s] INFO:colcon.colcon_core.shell:Creating prefix script '/home/ayush/ARC_26/install/local_setup.zsh'
[0.567s] INFO:colcon.colcon_core.shell:Creating prefix chain script '/home/ayush/ARC_26/install/setup.zsh'
