[0.015s] Invoking command in '/home/ayush/ARC_26/build/drive_controls': CMAKE_PREFIX_PATH=${CMAKE_PREFIX_PATH}:/home/ayush/microros_ws/install/sensor_msgs_py:/home/ayush/microros_ws/install/my_py_pkg:/home/ayush/microros_ws/install/my_py_node:/home/ayush/microros_ws/install/joy_bridge:/home/ayush/controls_ws/install/my_py_pkg:/home/ayush/controls_ws/install/joy_bridge:/home/ayush/controls_ws/install/drive_led_pkg:/opt/ros/humble /usr/bin/cmake --build /home/ayush/ARC_26/build/drive_controls -- -j20 -l20
[0.080s] Invoked command in '/home/ayush/ARC_26/build/drive_controls' returned '0': CMAKE_PREFIX_PATH=${CMAKE_PREFIX_PATH}:/home/ayush/microros_ws/install/sensor_msgs_py:/home/ayush/microros_ws/install/my_py_pkg:/home/ayush/microros_ws/install/my_py_node:/home/ayush/microros_ws/install/joy_bridge:/home/ayush/controls_ws/install/my_py_pkg:/home/ayush/controls_ws/install/joy_bridge:/home/ayush/controls_ws/install/drive_led_pkg:/opt/ros/humble /usr/bin/cmake --build /home/ayush/ARC_26/build/drive_controls -- -j20 -l20
[0.097s] Invoking command in '/home/ayush/ARC_26/build/drive_controls': CMAKE_PREFIX_PATH=${CMAKE_PREFIX_PATH}:/home/ayush/microros_ws/install/sensor_msgs_py:/home/ayush/microros_ws/install/my_py_pkg:/home/ayush/microros_ws/install/my_py_node:/home/ayush/microros_ws/install/joy_bridge:/home/ayush/controls_ws/install/my_py_pkg:/home/ayush/controls_ws/install/joy_bridge:/home/ayush/controls_ws/install/drive_led_pkg:/opt/ros/humble /usr/bin/cmake --install /home/ayush/ARC_26/build/drive_controls
[0.109s] -- Install configuration: ""
[0.109s] -- Up-to-date: /home/ayush/ARC_26/install/drive_controls/lib/drive_controls/drive.py
[0.109s] -- Up-to-date: /home/ayush/ARC_26/install/drive_controls/share/ament_index/resource_index/package_run_dependencies/drive_controls
[0.109s] -- Up-to-date: /home/ayush/ARC_26/install/drive_controls/share/ament_index/resource_index/parent_prefix_path/drive_controls
[0.109s] -- Up-to-date: /home/ayush/ARC_26/install/drive_controls/share/drive_controls/environment/ament_prefix_path.sh
[0.109s] -- Up-to-date: /home/ayush/ARC_26/install/drive_controls/share/drive_controls/environment/ament_prefix_path.dsv
[0.109s] -- Up-to-date: /home/ayush/ARC_26/install/drive_controls/share/drive_controls/environment/path.sh
[0.110s] -- Up-to-date: /home/ayush/ARC_26/install/drive_controls/share/drive_controls/environment/path.dsv
[0.110s] -- Up-to-date: /home/ayush/ARC_26/install/drive_controls/share/drive_controls/local_setup.bash
[0.110s] -- Up-to-date: /home/ayush/ARC_26/install/drive_controls/share/drive_controls/local_setup.sh
[0.110s] -- Up-to-date: /home/ayush/ARC_26/install/drive_controls/share/drive_controls/local_setup.zsh
[0.110s] -- Up-to-date: /home/ayush/ARC_26/install/drive_controls/share/drive_controls/local_setup.dsv
[0.110s] -- Installing: /home/ayush/ARC_26/install/drive_controls/share/drive_controls/package.dsv
[0.110s] -- Up-to-date: /home/ayush/ARC_26/install/drive_controls/share/ament_index/resource_index/packages/drive_controls
[0.110s] -- Up-to-date: /home/ayush/ARC_26/install/drive_controls/share/drive_controls/cmake/drive_controlsConfig.cmake
[0.110s] -- Up-to-date: /home/ayush/ARC_26/install/drive_controls/share/drive_controls/cmake/drive_controlsConfig-version.cmake
[0.111s] -- Up-to-date: /home/ayush/ARC_26/install/drive_controls/share/drive_controls/package.xml
[0.113s] Invoked command in '/home/ayush/ARC_26/build/drive_controls' returned '0': CMAKE_PREFIX_PATH=${CMAKE_PREFIX_PATH}:/home/ayush/microros_ws/install/sensor_msgs_py:/home/ayush/microros_ws/install/my_py_pkg:/home/ayush/microros_ws/install/my_py_node:/home/ayush/microros_ws/install/joy_bridge:/home/ayush/controls_ws/install/my_py_pkg:/home/ayush/controls_ws/install/joy_bridge:/home/ayush/controls_ws/install/drive_led_pkg:/opt/ros/humble /usr/bin/cmake --install /home/ayush/ARC_26/build/drive_controls
