[0.008s] Invoking command in '/home/ayush/ARC_26/build/rover_description': CMAKE_PREFIX_PATH=${CMAKE_PREFIX_PATH}:/home/ayush/microros_ws/install/sensor_msgs_py:/home/ayush/microros_ws/install/my_py_pkg:/home/ayush/microros_ws/install/my_py_node:/home/ayush/microros_ws/install/joy_bridge:/home/ayush/controls_ws/install/my_py_pkg:/home/ayush/controls_ws/install/joy_bridge:/home/ayush/controls_ws/install/drive_led_pkg:/opt/ros/humble /usr/bin/cmake /home/ayush/ARC_26/src/rover_description -DCMAKE_INSTALL_PREFIX=/home/ayush/ARC_26/install/rover_description
[0.085s] -- The C compiler identification is GNU 11.4.0
[0.164s] -- The CXX compiler identification is GNU 11.4.0
[0.175s] -- Detecting C compiler ABI info
[0.307s] -- Detecting C compiler ABI info - done
[0.317s] -- Check for working C compiler: /usr/bin/cc - skipped
[0.317s] -- Detecting C compile features
[0.318s] -- Detecting C compile features - done
[0.322s] -- Detecting CXX compiler ABI info
[0.464s] -- Detecting CXX compiler ABI info - done
[0.480s] -- Check for working CXX compiler: /usr/bin/c++ - skipped
[0.481s] -- Detecting CXX compile features
[0.481s] -- Detecting CXX compile features - done
[0.490s] -- Found ament_cmake: 1.3.12 (/opt/ros/humble/share/ament_cmake/cmake)
[0.768s] -- Found Python3: /usr/bin/python3 (found version "3.10.12") found components: Interpreter 
[0.928s] -- Found ament_lint_auto: 0.12.14 (/opt/ros/humble/share/ament_lint_auto/cmake)
[1.055s] -- Added test 'flake8' to check Python code syntax and style conventions
[1.055s] -- Added test 'lint_cmake' to check CMake code style
[1.056s] -- Added test 'pep257' to check Python code against some of the docstring style conventions in PEP 257
[1.057s] -- Added test 'xmllint' to check XML markup files
[1.058s] -- Configuring done
[1.059s] -- Generating done
[1.060s] -- Build files have been written to: /home/ayush/ARC_26/build/rover_description
[1.063s] Invoked command in '/home/ayush/ARC_26/build/rover_description' returned '0': CMAKE_PREFIX_PATH=${CMAKE_PREFIX_PATH}:/home/ayush/microros_ws/install/sensor_msgs_py:/home/ayush/microros_ws/install/my_py_pkg:/home/ayush/microros_ws/install/my_py_node:/home/ayush/microros_ws/install/joy_bridge:/home/ayush/controls_ws/install/my_py_pkg:/home/ayush/controls_ws/install/joy_bridge:/home/ayush/controls_ws/install/drive_led_pkg:/opt/ros/humble /usr/bin/cmake /home/ayush/ARC_26/src/rover_description -DCMAKE_INSTALL_PREFIX=/home/ayush/ARC_26/install/rover_description
[1.064s] Invoking command in '/home/ayush/ARC_26/build/rover_description': CMAKE_PREFIX_PATH=${CMAKE_PREFIX_PATH}:/home/ayush/microros_ws/install/sensor_msgs_py:/home/ayush/microros_ws/install/my_py_pkg:/home/ayush/microros_ws/install/my_py_node:/home/ayush/microros_ws/install/joy_bridge:/home/ayush/controls_ws/install/my_py_pkg:/home/ayush/controls_ws/install/joy_bridge:/home/ayush/controls_ws/install/drive_led_pkg:/opt/ros/humble /usr/bin/cmake --build /home/ayush/ARC_26/build/rover_description -- -j20 -l20
[1.123s] Invoked command in '/home/ayush/ARC_26/build/rover_description' returned '0': CMAKE_PREFIX_PATH=${CMAKE_PREFIX_PATH}:/home/ayush/microros_ws/install/sensor_msgs_py:/home/ayush/microros_ws/install/my_py_pkg:/home/ayush/microros_ws/install/my_py_node:/home/ayush/microros_ws/install/joy_bridge:/home/ayush/controls_ws/install/my_py_pkg:/home/ayush/controls_ws/install/joy_bridge:/home/ayush/controls_ws/install/drive_led_pkg:/opt/ros/humble /usr/bin/cmake --build /home/ayush/ARC_26/build/rover_description -- -j20 -l20
[1.139s] Invoking command in '/home/ayush/ARC_26/build/rover_description': CMAKE_PREFIX_PATH=${CMAKE_PREFIX_PATH}:/home/ayush/microros_ws/install/sensor_msgs_py:/home/ayush/microros_ws/install/my_py_pkg:/home/ayush/microros_ws/install/my_py_node:/home/ayush/microros_ws/install/joy_bridge:/home/ayush/controls_ws/install/my_py_pkg:/home/ayush/controls_ws/install/joy_bridge:/home/ayush/controls_ws/install/drive_led_pkg:/opt/ros/humble /usr/bin/cmake --install /home/ayush/ARC_26/build/rover_description
[1.153s] -- Install configuration: ""
[1.154s] -- Installing: /home/ayush/ARC_26/install/rover_description/share/rover_description/launch
[1.154s] -- Installing: /home/ayush/ARC_26/install/rover_description/share/rover_description/launch/display.launch.py
[1.154s] -- Installing: /home/ayush/ARC_26/install/rover_description/share/rover_description/launch/gazebo.launch.py
[1.154s] -- Installing: /home/ayush/ARC_26/install/rover_description/share/rover_description/meshes
[1.154s] -- Installing: /home/ayush/ARC_26/install/rover_description/share/rover_description/rviz
[1.154s] -- Installing: /home/ayush/ARC_26/install/rover_description/share/rover_description/rviz/kratos_config.rviz
[1.154s] -- Installing: /home/ayush/ARC_26/install/rover_description/share/rover_description/urdf
[1.154s] -- Installing: /home/ayush/ARC_26/install/rover_description/share/rover_description/urdf/ros2_control.xacro
[1.154s] -- Installing: /home/ayush/ARC_26/install/rover_description/share/rover_description/urdf/inertial_macros.xacro
[1.154s] -- Installing: /home/ayush/ARC_26/install/rover_description/share/rover_description/urdf/wheel_macro.xacro
[1.154s] -- Installing: /home/ayush/ARC_26/install/rover_description/share/rover_description/urdf/kratos_rover.urdf.xacro
[1.155s] -- Installing: /home/ayush/ARC_26/install/rover_description/share/rover_description/urdf/gazebo_plugins.xacro
[1.155s] -- Installing: /home/ayush/ARC_26/install/rover_description/share/rover_description/urdf/core_chassis.xacro
[1.155s] -- Installing: /home/ayush/ARC_26/install/rover_description/share/ament_index/resource_index/package_run_dependencies/rover_description
[1.155s] -- Installing: /home/ayush/ARC_26/install/rover_description/share/ament_index/resource_index/parent_prefix_path/rover_description
[1.155s] -- Installing: /home/ayush/ARC_26/install/rover_description/share/rover_description/environment/ament_prefix_path.sh
[1.155s] -- Installing: /home/ayush/ARC_26/install/rover_description/share/rover_description/environment/ament_prefix_path.dsv
[1.155s] -- Installing: /home/ayush/ARC_26/install/rover_description/share/rover_description/environment/path.sh
[1.155s] -- Installing: /home/ayush/ARC_26/install/rover_description/share/rover_description/environment/path.dsv
[1.155s] -- Installing: /home/ayush/ARC_26/install/rover_description/share/rover_description/local_setup.bash
[1.155s] -- Installing: /home/ayush/ARC_26/install/rover_description/share/rover_description/local_setup.sh
[1.155s] -- Installing: /home/ayush/ARC_26/install/rover_description/share/rover_description/local_setup.zsh
[1.156s] -- Installing: /home/ayush/ARC_26/install/rover_description/share/rover_description/local_setup.dsv
[1.156s] -- Installing: /home/ayush/ARC_26/install/rover_description/share/rover_description/package.dsv
[1.156s] -- Installing: /home/ayush/ARC_26/install/rover_description/share/ament_index/resource_index/packages/rover_description
[1.156s] -- Installing: /home/ayush/ARC_26/install/rover_description/share/rover_description/cmake/rover_descriptionConfig.cmake
[1.156s] -- Installing: /home/ayush/ARC_26/install/rover_description/share/rover_description/cmake/rover_descriptionConfig-version.cmake
[1.156s] -- Installing: /home/ayush/ARC_26/install/rover_description/share/rover_description/package.xml
[1.158s] Invoked command in '/home/ayush/ARC_26/build/rover_description' returned '0': CMAKE_PREFIX_PATH=${CMAKE_PREFIX_PATH}:/home/ayush/microros_ws/install/sensor_msgs_py:/home/ayush/microros_ws/install/my_py_pkg:/home/ayush/microros_ws/install/my_py_node:/home/ayush/microros_ws/install/joy_bridge:/home/ayush/controls_ws/install/my_py_pkg:/home/ayush/controls_ws/install/joy_bridge:/home/ayush/controls_ws/install/drive_led_pkg:/opt/ros/humble /usr/bin/cmake --install /home/ayush/ARC_26/build/rover_description
