[0.090s] DEBUG:colcon:Command line arguments: ['/usr/bin/colcon', 'build']
[0.090s] DEBUG:colcon:Parsed command line arguments: Namespace(log_base=None, log_level=None, verb_name='build', build_base='build', install_base='install', merge_install=False, symlink_install=False, test_result_base=None, continue_on_error=False, executor='parallel', parallel_workers=20, event_handlers=None, ignore_user_meta=False, metas=['./colcon.meta'], base_paths=['.'], packages_ignore=None, packages_ignore_regex=None, paths=None, packages_up_to=None, packages_up_to_regex=None, packages_above=None, packages_above_and_dependencies=None, packages_above_depth=None, packages_select_by_dep=None, packages_skip_by_dep=None, packages_skip_up_to=None, packages_select_build_failed=False, packages_skip_build_finished=False, packages_select_test_failures=False, packages_skip_test_passed=False, packages_select=None, packages_skip=None, packages_select_regex=None, packages_skip_regex=None, packages_start=None, packages_end=None, allow_overriding=[], cmake_args=None, cmake_target=None, cmake_target_skip_unavailable=False, cmake_clean_cache=False, cmake_clean_first=False, cmake_force_configure=False, ament_cmake_args=None, catkin_cmake_args=None, catkin_skip_building_tests=False, mixin_files=None, mixin=None, verb_parser=<colcon_mixin.mixin.mixin_argument.MixinArgumentDecorator object at 0x7abb61726b60>, verb_extension=<colcon_core.verb.build.BuildVerb object at 0x7abb61726440>, main=<bound method BuildVerb.main of <colcon_core.verb.build.BuildVerb object at 0x7abb61726440>>, mixin_verb=('build',))
[0.173s] Level 1:colcon.colcon_core.package_discovery:discover_packages(colcon_meta) check parameters
[0.173s] Level 1:colcon.colcon_core.package_discovery:discover_packages(recursive) check parameters
[0.173s] Level 1:colcon.colcon_core.package_discovery:discover_packages(ignore) check parameters
[0.173s] Level 1:colcon.colcon_core.package_discovery:discover_packages(path) check parameters
[0.173s] Level 1:colcon.colcon_core.package_discovery:discover_packages(colcon_meta) discover
[0.173s] Level 1:colcon.colcon_core.package_discovery:discover_packages(recursive) discover
[0.173s] INFO:colcon.colcon_core.package_discovery:Crawling recursively for packages in '/home/ayush/ARC_26'
[0.173s] Level 1:colcon.colcon_core.package_identification:_identify(.) by extensions ['ignore', 'ignore_ament_install']
[0.173s] Level 1:colcon.colcon_core.package_identification:_identify(.) by extension 'ignore'
[0.173s] Level 1:colcon.colcon_core.package_identification:_identify(.) by extension 'ignore_ament_install'
[0.173s] Level 1:colcon.colcon_core.package_identification:_identify(.) by extensions ['colcon_pkg']
[0.173s] Level 1:colcon.colcon_core.package_identification:_identify(.) by extension 'colcon_pkg'
[0.173s] Level 1:colcon.colcon_core.package_identification:_identify(.) by extensions ['colcon_meta']
[0.173s] Level 1:colcon.colcon_core.package_identification:_identify(.) by extension 'colcon_meta'
[0.174s] Level 1:colcon.colcon_core.package_identification:_identify(.) by extensions ['ros']
[0.174s] Level 1:colcon.colcon_core.package_identification:_identify(.) by extension 'ros'
[0.197s] Level 1:colcon.colcon_core.package_identification:_identify(.) by extensions ['cmake', 'python']
[0.197s] Level 1:colcon.colcon_core.package_identification:_identify(.) by extension 'cmake'
[0.197s] Level 1:colcon.colcon_core.package_identification:_identify(.) by extension 'python'
[0.197s] Level 1:colcon.colcon_core.package_identification:_identify(.) by extensions ['python_setup_py']
[0.197s] Level 1:colcon.colcon_core.package_identification:_identify(.) by extension 'python_setup_py'
[0.197s] Level 1:colcon.colcon_core.package_identification:_identify(Arduino) by extensions ['ignore', 'ignore_ament_install']
[0.197s] Level 1:colcon.colcon_core.package_identification:_identify(Arduino) by extension 'ignore'
[0.197s] Level 1:colcon.colcon_core.package_identification:_identify(Arduino) by extension 'ignore_ament_install'
[0.197s] Level 1:colcon.colcon_core.package_identification:_identify(Arduino) by extensions ['colcon_pkg']
[0.197s] Level 1:colcon.colcon_core.package_identification:_identify(Arduino) by extension 'colcon_pkg'
[0.197s] Level 1:colcon.colcon_core.package_identification:_identify(Arduino) by extensions ['colcon_meta']
[0.197s] Level 1:colcon.colcon_core.package_identification:_identify(Arduino) by extension 'colcon_meta'
[0.197s] Level 1:colcon.colcon_core.package_identification:_identify(Arduino) by extensions ['ros']
[0.197s] Level 1:colcon.colcon_core.package_identification:_identify(Arduino) by extension 'ros'
[0.197s] Level 1:colcon.colcon_core.package_identification:_identify(Arduino) by extensions ['cmake', 'python']
[0.197s] Level 1:colcon.colcon_core.package_identification:_identify(Arduino) by extension 'cmake'
[0.197s] Level 1:colcon.colcon_core.package_identification:_identify(Arduino) by extension 'python'
[0.197s] Level 1:colcon.colcon_core.package_identification:_identify(Arduino) by extensions ['python_setup_py']
[0.197s] Level 1:colcon.colcon_core.package_identification:_identify(Arduino) by extension 'python_setup_py'
[0.197s] Level 1:colcon.colcon_core.package_identification:_identify(build) by extensions ['ignore', 'ignore_ament_install']
[0.197s] Level 1:colcon.colcon_core.package_identification:_identify(build) by extension 'ignore'
[0.197s] Level 1:colcon.colcon_core.package_identification:_identify(build) ignored
[0.198s] Level 1:colcon.colcon_core.package_identification:_identify(install) by extensions ['ignore', 'ignore_ament_install']
[0.198s] Level 1:colcon.colcon_core.package_identification:_identify(install) by extension 'ignore'
[0.198s] Level 1:colcon.colcon_core.package_identification:_identify(install) ignored
[0.198s] Level 1:colcon.colcon_core.package_identification:_identify(log) by extensions ['ignore', 'ignore_ament_install']
[0.198s] Level 1:colcon.colcon_core.package_identification:_identify(log) by extension 'ignore'
[0.198s] Level 1:colcon.colcon_core.package_identification:_identify(log) ignored
[0.198s] Level 1:colcon.colcon_core.package_identification:_identify(src) by extensions ['ignore', 'ignore_ament_install']
[0.198s] Level 1:colcon.colcon_core.package_identification:_identify(src) by extension 'ignore'
[0.198s] Level 1:colcon.colcon_core.package_identification:_identify(src) by extension 'ignore_ament_install'
[0.198s] Level 1:colcon.colcon_core.package_identification:_identify(src) by extensions ['colcon_pkg']
[0.198s] Level 1:colcon.colcon_core.package_identification:_identify(src) by extension 'colcon_pkg'
[0.198s] Level 1:colcon.colcon_core.package_identification:_identify(src) by extensions ['colcon_meta']
[0.198s] Level 1:colcon.colcon_core.package_identification:_identify(src) by extension 'colcon_meta'
[0.198s] Level 1:colcon.colcon_core.package_identification:_identify(src) by extensions ['ros']
[0.198s] Level 1:colcon.colcon_core.package_identification:_identify(src) by extension 'ros'
[0.198s] Level 1:colcon.colcon_core.package_identification:_identify(src) by extensions ['cmake', 'python']
[0.198s] Level 1:colcon.colcon_core.package_identification:_identify(src) by extension 'cmake'
[0.198s] Level 1:colcon.colcon_core.package_identification:_identify(src) by extension 'python'
[0.198s] Level 1:colcon.colcon_core.package_identification:_identify(src) by extensions ['python_setup_py']
[0.198s] Level 1:colcon.colcon_core.package_identification:_identify(src) by extension 'python_setup_py'
[0.198s] Level 1:colcon.colcon_core.package_identification:_identify(src/drive_controls) by extensions ['ignore', 'ignore_ament_install']
[0.198s] Level 1:colcon.colcon_core.package_identification:_identify(src/drive_controls) by extension 'ignore'
[0.198s] Level 1:colcon.colcon_core.package_identification:_identify(src/drive_controls) by extension 'ignore_ament_install'
[0.198s] Level 1:colcon.colcon_core.package_identification:_identify(src/drive_controls) by extensions ['colcon_pkg']
[0.198s] Level 1:colcon.colcon_core.package_identification:_identify(src/drive_controls) by extension 'colcon_pkg'
[0.198s] Level 1:colcon.colcon_core.package_identification:_identify(src/drive_controls) by extensions ['colcon_meta']
[0.198s] Level 1:colcon.colcon_core.package_identification:_identify(src/drive_controls) by extension 'colcon_meta'
[0.198s] Level 1:colcon.colcon_core.package_identification:_identify(src/drive_controls) by extensions ['ros']
[0.198s] Level 1:colcon.colcon_core.package_identification:_identify(src/drive_controls) by extension 'ros'
[0.200s] DEBUG:colcon.colcon_core.package_identification:Package 'src/drive_controls' with type 'ros.ament_cmake' and name 'drive_controls'
[0.200s] Level 1:colcon.colcon_core.package_identification:_identify(src/kratos_controllers) by extensions ['ignore', 'ignore_ament_install']
[0.200s] Level 1:colcon.colcon_core.package_identification:_identify(src/kratos_controllers) by extension 'ignore'
[0.200s] Level 1:colcon.colcon_core.package_identification:_identify(src/kratos_controllers) by extension 'ignore_ament_install'
[0.200s] Level 1:colcon.colcon_core.package_identification:_identify(src/kratos_controllers) by extensions ['colcon_pkg']
[0.200s] Level 1:colcon.colcon_core.package_identification:_identify(src/kratos_controllers) by extension 'colcon_pkg'
[0.200s] Level 1:colcon.colcon_core.package_identification:_identify(src/kratos_controllers) by extensions ['colcon_meta']
[0.200s] Level 1:colcon.colcon_core.package_identification:_identify(src/kratos_controllers) by extension 'colcon_meta'
[0.200s] Level 1:colcon.colcon_core.package_identification:_identify(src/kratos_controllers) by extensions ['ros']
[0.200s] Level 1:colcon.colcon_core.package_identification:_identify(src/kratos_controllers) by extension 'ros'
[0.200s] DEBUG:colcon.colcon_core.package_identification:Package 'src/kratos_controllers' with type 'ros.ament_cmake' and name 'kratos_controllers'
[0.200s] Level 1:colcon.colcon_core.package_identification:_identify(src/rover_description) by extensions ['ignore', 'ignore_ament_install']
[0.200s] Level 1:colcon.colcon_core.package_identification:_identify(src/rover_description) by extension 'ignore'
[0.200s] Level 1:colcon.colcon_core.package_identification:_identify(src/rover_description) by extension 'ignore_ament_install'
[0.201s] Level 1:colcon.colcon_core.package_identification:_identify(src/rover_description) by extensions ['colcon_pkg']
[0.201s] Level 1:colcon.colcon_core.package_identification:_identify(src/rover_description) by extension 'colcon_pkg'
[0.201s] Level 1:colcon.colcon_core.package_identification:_identify(src/rover_description) by extensions ['colcon_meta']
[0.201s] Level 1:colcon.colcon_core.package_identification:_identify(src/rover_description) by extension 'colcon_meta'
[0.201s] Level 1:colcon.colcon_core.package_identification:_identify(src/rover_description) by extensions ['ros']
[0.201s] Level 1:colcon.colcon_core.package_identification:_identify(src/rover_description) by extension 'ros'
[0.201s] DEBUG:colcon.colcon_core.package_identification:Package 'src/rover_description' with type 'ros.ament_cmake' and name 'rover_description'
[0.201s] Level 1:colcon.colcon_core.package_discovery:discover_packages(recursive) using defaults
[0.201s] Level 1:colcon.colcon_core.package_discovery:discover_packages(ignore) discover
[0.201s] Level 1:colcon.colcon_core.package_discovery:discover_packages(ignore) using defaults
[0.201s] Level 1:colcon.colcon_core.package_discovery:discover_packages(path) discover
[0.201s] Level 1:colcon.colcon_core.package_discovery:discover_packages(path) using defaults
[0.213s] Level 1:colcon.colcon_core.package_discovery:discover_packages(prefix_path) check parameters
[0.213s] Level 1:colcon.colcon_core.package_discovery:discover_packages(prefix_path) discover
[0.215s] DEBUG:colcon.colcon_installed_package_information.package_discovery:Found 3 installed packages in /home/ayush/ARC_26/install
[0.215s] DEBUG:colcon.colcon_installed_package_information.package_discovery:Found 11 installed packages in /home/ayush/controls_ws/install
[0.216s] DEBUG:colcon.colcon_installed_package_information.package_discovery:Found 42 installed packages in /home/ayush/microros_ws/install
[0.216s] DEBUG:colcon.colcon_installed_package_information.package_discovery:Found 311 installed packages in /opt/ros/humble
[0.217s] Level 1:colcon.colcon_core.package_discovery:discover_packages(prefix_path) using defaults
[0.235s] Level 5:colcon.colcon_core.verb:set package 'drive_controls' build argument 'cmake_args' from command line to 'None'
[0.235s] Level 5:colcon.colcon_core.verb:set package 'drive_controls' build argument 'cmake_target' from command line to 'None'
[0.235s] Level 5:colcon.colcon_core.verb:set package 'drive_controls' build argument 'cmake_target_skip_unavailable' from command line to 'False'
[0.235s] Level 5:colcon.colcon_core.verb:set package 'drive_controls' build argument 'cmake_clean_cache' from command line to 'False'
[0.235s] Level 5:colcon.colcon_core.verb:set package 'drive_controls' build argument 'cmake_clean_first' from command line to 'False'
[0.236s] Level 5:colcon.colcon_core.verb:set package 'drive_controls' build argument 'cmake_force_configure' from command line to 'False'
[0.236s] Level 5:colcon.colcon_core.verb:set package 'drive_controls' build argument 'ament_cmake_args' from command line to 'None'
[0.236s] Level 5:colcon.colcon_core.verb:set package 'drive_controls' build argument 'catkin_cmake_args' from command line to 'None'
[0.236s] Level 5:colcon.colcon_core.verb:set package 'drive_controls' build argument 'catkin_skip_building_tests' from command line to 'False'
[0.236s] DEBUG:colcon.colcon_core.verb:Building package 'drive_controls' with the following arguments: {'ament_cmake_args': None, 'build_base': '/home/ayush/ARC_26/build/drive_controls', 'catkin_cmake_args': None, 'catkin_skip_building_tests': False, 'cmake_args': None, 'cmake_clean_cache': False, 'cmake_clean_first': False, 'cmake_force_configure': False, 'cmake_target': None, 'cmake_target_skip_unavailable': False, 'install_base': '/home/ayush/ARC_26/install/drive_controls', 'merge_install': False, 'path': '/home/ayush/ARC_26/src/drive_controls', 'symlink_install': False, 'test_result_base': None}
[0.236s] Level 5:colcon.colcon_core.verb:set package 'kratos_controllers' build argument 'cmake_args' from command line to 'None'
[0.236s] Level 5:colcon.colcon_core.verb:set package 'kratos_controllers' build argument 'cmake_target' from command line to 'None'
[0.236s] Level 5:colcon.colcon_core.verb:set package 'kratos_controllers' build argument 'cmake_target_skip_unavailable' from command line to 'False'
[0.236s] Level 5:colcon.colcon_core.verb:set package 'kratos_controllers' build argument 'cmake_clean_cache' from command line to 'False'
[0.236s] Level 5:colcon.colcon_core.verb:set package 'kratos_controllers' build argument 'cmake_clean_first' from command line to 'False'
[0.236s] Level 5:colcon.colcon_core.verb:set package 'kratos_controllers' build argument 'cmake_force_configure' from command line to 'False'
[0.236s] Level 5:colcon.colcon_core.verb:set package 'kratos_controllers' build argument 'ament_cmake_args' from command line to 'None'
[0.236s] Level 5:colcon.colcon_core.verb:set package 'kratos_controllers' build argument 'catkin_cmake_args' from command line to 'None'
[0.236s] Level 5:colcon.colcon_core.verb:set package 'kratos_controllers' build argument 'catkin_skip_building_tests' from command line to 'False'
[0.236s] DEBUG:colcon.colcon_core.verb:Building package 'kratos_controllers' with the following arguments: {'ament_cmake_args': None, 'build_base': '/home/ayush/ARC_26/build/kratos_controllers', 'catkin_cmake_args': None, 'catkin_skip_building_tests': False, 'cmake_args': None, 'cmake_clean_cache': False, 'cmake_clean_first': False, 'cmake_force_configure': False, 'cmake_target': None, 'cmake_target_skip_unavailable': False, 'install_base': '/home/ayush/ARC_26/install/kratos_controllers', 'merge_install': False, 'path': '/home/ayush/ARC_26/src/kratos_controllers', 'symlink_install': False, 'test_result_base': None}
[0.236s] Level 5:colcon.colcon_core.verb:set package 'rover_description' build argument 'cmake_args' from command line to 'None'
[0.236s] Level 5:colcon.colcon_core.verb:set package 'rover_description' build argument 'cmake_target' from command line to 'None'
[0.236s] Level 5:colcon.colcon_core.verb:set package 'rover_description' build argument 'cmake_target_skip_unavailable' from command line to 'False'
[0.236s] Level 5:colcon.colcon_core.verb:set package 'rover_description' build argument 'cmake_clean_cache' from command line to 'False'
[0.236s] Level 5:colcon.colcon_core.verb:set package 'rover_description' build argument 'cmake_clean_first' from command line to 'False'
[0.236s] Level 5:colcon.colcon_core.verb:set package 'rover_description' build argument 'cmake_force_configure' from command line to 'False'
[0.236s] Level 5:colcon.colcon_core.verb:set package 'rover_description' build argument 'ament_cmake_args' from command line to 'None'
[0.236s] Level 5:colcon.colcon_core.verb:set package 'rover_description' build argument 'catkin_cmake_args' from command line to 'None'
[0.236s] Level 5:colcon.colcon_core.verb:set package 'rover_description' build argument 'catkin_skip_building_tests' from command line to 'False'
[0.236s] DEBUG:colcon.colcon_core.verb:Building package 'rover_description' with the following arguments: {'ament_cmake_args': None, 'build_base': '/home/ayush/ARC_26/build/rover_description', 'catkin_cmake_args': None, 'catkin_skip_building_tests': False, 'cmake_args': None, 'cmake_clean_cache': False, 'cmake_clean_first': False, 'cmake_force_configure': False, 'cmake_target': None, 'cmake_target_skip_unavailable': False, 'install_base': '/home/ayush/ARC_26/install/rover_description', 'merge_install': False, 'path': '/home/ayush/ARC_26/src/rover_description', 'symlink_install': False, 'test_result_base': None}
[0.236s] INFO:colcon.colcon_core.executor:Executing jobs using 'parallel' executor
[0.237s] DEBUG:colcon.colcon_parallel_executor.executor.parallel:run_until_complete
[0.237s] INFO:colcon.colcon_ros.task.ament_cmake.build:Building ROS package in '/home/ayush/ARC_26/src/drive_controls' with build type 'ament_cmake'
[0.237s] INFO:colcon.colcon_cmake.task.cmake.build:Building CMake package in '/home/ayush/ARC_26/src/drive_controls'
[0.239s] INFO:colcon.colcon_core.plugin_system:Skipping extension 'colcon_core.shell.bat': Not used on non-Windows systems
[0.239s] INFO:colcon.colcon_core.shell:Skip shell extension 'powershell' for command environment: Not usable outside of PowerShell
[0.239s] DEBUG:colcon.colcon_core.shell:Skip shell extension 'dsv' for command environment
[0.242s] INFO:colcon.colcon_ros.task.ament_cmake.build:Building ROS package in '/home/ayush/ARC_26/src/kratos_controllers' with build type 'ament_cmake'
[0.242s] INFO:colcon.colcon_cmake.task.cmake.build:Building CMake package in '/home/ayush/ARC_26/src/kratos_controllers'
[0.242s] INFO:colcon.colcon_core.shell:Skip shell extension 'powershell' for command environment: Not usable outside of PowerShell
[0.242s] DEBUG:colcon.colcon_core.shell:Skip shell extension 'dsv' for command environment
[0.246s] INFO:colcon.colcon_ros.task.ament_cmake.build:Building ROS package in '/home/ayush/ARC_26/src/rover_description' with build type 'ament_cmake'
[0.246s] INFO:colcon.colcon_cmake.task.cmake.build:Building CMake package in '/home/ayush/ARC_26/src/rover_description'
[0.246s] INFO:colcon.colcon_core.shell:Skip shell extension 'powershell' for command environment: Not usable outside of PowerShell
[0.246s] DEBUG:colcon.colcon_core.shell:Skip shell extension 'dsv' for command environment
[0.253s] DEBUG:colcon.colcon_core.event_handler.log_command:Invoking command in '/home/ayush/ARC_26/build/drive_controls': CMAKE_PREFIX_PATH=${CMAKE_PREFIX_PATH}:/home/ayush/microros_ws/install/sensor_msgs_py:/home/ayush/microros_ws/install/my_py_pkg:/home/ayush/microros_ws/install/my_py_node:/home/ayush/microros_ws/install/joy_bridge:/home/ayush/controls_ws/install/my_py_pkg:/home/ayush/controls_ws/install/joy_bridge:/home/ayush/controls_ws/install/drive_led_pkg:/opt/ros/humble /usr/bin/cmake --build /home/ayush/ARC_26/build/drive_controls -- -j20 -l20
[0.262s] DEBUG:colcon.colcon_core.event_handler.log_command:Invoking command in '/home/ayush/ARC_26/build/kratos_controllers': CMAKE_PREFIX_PATH=${CMAKE_PREFIX_PATH}:/home/ayush/microros_ws/install/sensor_msgs_py:/home/ayush/microros_ws/install/my_py_pkg:/home/ayush/microros_ws/install/my_py_node:/home/ayush/microros_ws/install/joy_bridge:/home/ayush/controls_ws/install/my_py_pkg:/home/ayush/controls_ws/install/joy_bridge:/home/ayush/controls_ws/install/drive_led_pkg:/opt/ros/humble /usr/bin/cmake --build /home/ayush/ARC_26/build/kratos_controllers -- -j20 -l20
[0.272s] DEBUG:colcon.colcon_core.event_handler.log_command:Invoking command in '/home/ayush/ARC_26/build/rover_description': CMAKE_PREFIX_PATH=${CMAKE_PREFIX_PATH}:/home/ayush/microros_ws/install/sensor_msgs_py:/home/ayush/microros_ws/install/my_py_pkg:/home/ayush/microros_ws/install/my_py_node:/home/ayush/microros_ws/install/joy_bridge:/home/ayush/controls_ws/install/my_py_pkg:/home/ayush/controls_ws/install/joy_bridge:/home/ayush/controls_ws/install/drive_led_pkg:/opt/ros/humble /usr/bin/cmake --build /home/ayush/ARC_26/build/rover_description -- -j20 -l20
[0.370s] DEBUG:colcon.colcon_core.event_handler.log_command:Invoked command in '/home/ayush/ARC_26/build/rover_description' returned '0': CMAKE_PREFIX_PATH=${CMAKE_PREFIX_PATH}:/home/ayush/microros_ws/install/sensor_msgs_py:/home/ayush/microros_ws/install/my_py_pkg:/home/ayush/microros_ws/install/my_py_node:/home/ayush/microros_ws/install/joy_bridge:/home/ayush/controls_ws/install/my_py_pkg:/home/ayush/controls_ws/install/joy_bridge:/home/ayush/controls_ws/install/drive_led_pkg:/opt/ros/humble /usr/bin/cmake --build /home/ayush/ARC_26/build/rover_description -- -j20 -l20
[0.396s] DEBUG:colcon.colcon_core.event_handler.log_command:Invoking command in '/home/ayush/ARC_26/build/rover_description': CMAKE_PREFIX_PATH=${CMAKE_PREFIX_PATH}:/home/ayush/microros_ws/install/sensor_msgs_py:/home/ayush/microros_ws/install/my_py_pkg:/home/ayush/microros_ws/install/my_py_node:/home/ayush/microros_ws/install/joy_bridge:/home/ayush/controls_ws/install/my_py_pkg:/home/ayush/controls_ws/install/joy_bridge:/home/ayush/controls_ws/install/drive_led_pkg:/opt/ros/humble /usr/bin/cmake --install /home/ayush/ARC_26/build/rover_description
[0.399s] DEBUG:colcon.colcon_core.event_handler.log_command:Invoked command in '/home/ayush/ARC_26/build/drive_controls' returned '0': CMAKE_PREFIX_PATH=${CMAKE_PREFIX_PATH}:/home/ayush/microros_ws/install/sensor_msgs_py:/home/ayush/microros_ws/install/my_py_pkg:/home/ayush/microros_ws/install/my_py_node:/home/ayush/microros_ws/install/joy_bridge:/home/ayush/controls_ws/install/my_py_pkg:/home/ayush/controls_ws/install/joy_bridge:/home/ayush/controls_ws/install/drive_led_pkg:/opt/ros/humble /usr/bin/cmake --build /home/ayush/ARC_26/build/drive_controls -- -j20 -l20
[0.402s] DEBUG:colcon.colcon_core.event_handler.log_command:Invoking command in '/home/ayush/ARC_26/build/drive_controls': CMAKE_PREFIX_PATH=${CMAKE_PREFIX_PATH}:/home/ayush/microros_ws/install/sensor_msgs_py:/home/ayush/microros_ws/install/my_py_pkg:/home/ayush/microros_ws/install/my_py_node:/home/ayush/microros_ws/install/joy_bridge:/home/ayush/controls_ws/install/my_py_pkg:/home/ayush/controls_ws/install/joy_bridge:/home/ayush/controls_ws/install/drive_led_pkg:/opt/ros/humble /usr/bin/cmake --install /home/ayush/ARC_26/build/drive_controls
[0.422s] Level 1:colcon.colcon_core.environment:create_environment_scripts_only(rover_description)
[0.428s] DEBUG:colcon.colcon_core.event_handler.log_command:Invoked command in '/home/ayush/ARC_26/build/rover_description' returned '0': CMAKE_PREFIX_PATH=${CMAKE_PREFIX_PATH}:/home/ayush/microros_ws/install/sensor_msgs_py:/home/ayush/microros_ws/install/my_py_pkg:/home/ayush/microros_ws/install/my_py_node:/home/ayush/microros_ws/install/joy_bridge:/home/ayush/controls_ws/install/my_py_pkg:/home/ayush/controls_ws/install/joy_bridge:/home/ayush/controls_ws/install/drive_led_pkg:/opt/ros/humble /usr/bin/cmake --install /home/ayush/ARC_26/build/rover_description
[0.437s] Level 1:colcon.colcon_core.environment:checking '/home/ayush/ARC_26/install/rover_description' for CMake module files
[0.439s] Level 1:colcon.colcon_core.environment:checking '/home/ayush/ARC_26/install/rover_description' for CMake config files
[0.440s] Level 1:colcon.colcon_core.shell:create_environment_hook('rover_description', 'cmake_prefix_path')
[0.441s] INFO:colcon.colcon_core.shell:Creating environment hook '/home/ayush/ARC_26/install/rover_description/share/rover_description/hook/cmake_prefix_path.ps1'
[0.443s] INFO:colcon.colcon_core.shell:Creating environment descriptor '/home/ayush/ARC_26/install/rover_description/share/rover_description/hook/cmake_prefix_path.dsv'
[0.445s] INFO:colcon.colcon_core.shell:Creating environment hook '/home/ayush/ARC_26/install/rover_description/share/rover_description/hook/cmake_prefix_path.sh'
[0.447s] Level 1:colcon.colcon_core.environment:checking '/home/ayush/ARC_26/install/rover_description/bin'
[0.447s] Level 1:colcon.colcon_core.environment:checking '/home/ayush/ARC_26/install/rover_description/lib/pkgconfig/rover_description.pc'
[0.447s] Level 1:colcon.colcon_core.environment:checking '/home/ayush/ARC_26/install/rover_description/lib/python3.10/site-packages'
[0.448s] Level 1:colcon.colcon_core.environment:checking '/home/ayush/ARC_26/install/rover_description/bin'
[0.448s] INFO:colcon.colcon_core.shell:Creating package script '/home/ayush/ARC_26/install/rover_description/share/rover_description/package.ps1'
[0.450s] INFO:colcon.colcon_core.shell:Creating package descriptor '/home/ayush/ARC_26/install/rover_description/share/rover_description/package.dsv'
[0.451s] INFO:colcon.colcon_core.shell:Creating package script '/home/ayush/ARC_26/install/rover_description/share/rover_description/package.sh'
[0.453s] INFO:colcon.colcon_core.shell:Creating package script '/home/ayush/ARC_26/install/rover_description/share/rover_description/package.bash'
[0.454s] INFO:colcon.colcon_core.shell:Creating package script '/home/ayush/ARC_26/install/rover_description/share/rover_description/package.zsh'
[0.455s] Level 1:colcon.colcon_core.environment:create_file_with_runtime_dependencies(/home/ayush/ARC_26/install/rover_description/share/colcon-core/packages/rover_description)
[0.456s] Level 1:colcon.colcon_core.environment:create_environment_scripts_only(rover_description)
[0.457s] Level 1:colcon.colcon_core.environment:checking '/home/ayush/ARC_26/install/rover_description' for CMake module files
[0.457s] Level 1:colcon.colcon_core.environment:checking '/home/ayush/ARC_26/install/rover_description' for CMake config files
[0.458s] Level 1:colcon.colcon_core.shell:create_environment_hook('rover_description', 'cmake_prefix_path')
[0.458s] INFO:colcon.colcon_core.shell:Creating environment hook '/home/ayush/ARC_26/install/rover_description/share/rover_description/hook/cmake_prefix_path.ps1'
[0.459s] INFO:colcon.colcon_core.shell:Creating environment descriptor '/home/ayush/ARC_26/install/rover_description/share/rover_description/hook/cmake_prefix_path.dsv'
[0.460s] INFO:colcon.colcon_core.shell:Creating environment hook '/home/ayush/ARC_26/install/rover_description/share/rover_description/hook/cmake_prefix_path.sh'
[0.461s] Level 1:colcon.colcon_core.environment:checking '/home/ayush/ARC_26/install/rover_description/bin'
[0.461s] Level 1:colcon.colcon_core.environment:checking '/home/ayush/ARC_26/install/rover_description/lib/pkgconfig/rover_description.pc'
[0.461s] Level 1:colcon.colcon_core.environment:checking '/home/ayush/ARC_26/install/rover_description/lib/python3.10/site-packages'
[0.462s] Level 1:colcon.colcon_core.environment:checking '/home/ayush/ARC_26/install/rover_description/bin'
[0.462s] INFO:colcon.colcon_core.shell:Creating package script '/home/ayush/ARC_26/install/rover_description/share/rover_description/package.ps1'
[0.463s] INFO:colcon.colcon_core.shell:Creating package descriptor '/home/ayush/ARC_26/install/rover_description/share/rover_description/package.dsv'
[0.464s] INFO:colcon.colcon_core.shell:Creating package script '/home/ayush/ARC_26/install/rover_description/share/rover_description/package.sh'
[0.465s] INFO:colcon.colcon_core.shell:Creating package script '/home/ayush/ARC_26/install/rover_description/share/rover_description/package.bash'
[0.466s] INFO:colcon.colcon_core.shell:Creating package script '/home/ayush/ARC_26/install/rover_description/share/rover_description/package.zsh'
[0.467s] Level 1:colcon.colcon_core.environment:create_file_with_runtime_dependencies(/home/ayush/ARC_26/install/rover_description/share/colcon-core/packages/rover_description)
[0.470s] Level 1:colcon.colcon_core.environment:create_environment_scripts_only(drive_controls)
[0.470s] DEBUG:colcon.colcon_core.event_handler.log_command:Invoked command in '/home/ayush/ARC_26/build/drive_controls' returned '0': CMAKE_PREFIX_PATH=${CMAKE_PREFIX_PATH}:/home/ayush/microros_ws/install/sensor_msgs_py:/home/ayush/microros_ws/install/my_py_pkg:/home/ayush/microros_ws/install/my_py_node:/home/ayush/microros_ws/install/joy_bridge:/home/ayush/controls_ws/install/my_py_pkg:/home/ayush/controls_ws/install/joy_bridge:/home/ayush/controls_ws/install/drive_led_pkg:/opt/ros/humble /usr/bin/cmake --install /home/ayush/ARC_26/build/drive_controls
[0.471s] Level 1:colcon.colcon_core.environment:checking '/home/ayush/ARC_26/install/drive_controls' for CMake module files
[0.473s] Level 1:colcon.colcon_core.environment:checking '/home/ayush/ARC_26/install/drive_controls' for CMake config files
[0.474s] Level 1:colcon.colcon_core.shell:create_environment_hook('drive_controls', 'cmake_prefix_path')
[0.474s] INFO:colcon.colcon_core.shell:Creating environment hook '/home/ayush/ARC_26/install/drive_controls/share/drive_controls/hook/cmake_prefix_path.ps1'
[0.476s] INFO:colcon.colcon_core.shell:Creating environment descriptor '/home/ayush/ARC_26/install/drive_controls/share/drive_controls/hook/cmake_prefix_path.dsv'
[0.477s] INFO:colcon.colcon_core.shell:Creating environment hook '/home/ayush/ARC_26/install/drive_controls/share/drive_controls/hook/cmake_prefix_path.sh'
[0.478s] Level 1:colcon.colcon_core.environment:checking '/home/ayush/ARC_26/install/drive_controls/lib'
[0.479s] Level 1:colcon.colcon_core.environment:checking '/home/ayush/ARC_26/install/drive_controls/bin'
[0.479s] Level 1:colcon.colcon_core.environment:checking '/home/ayush/ARC_26/install/drive_controls/lib/pkgconfig/drive_controls.pc'
[0.479s] Level 1:colcon.colcon_core.environment:checking '/home/ayush/ARC_26/install/drive_controls/lib/python3.10/site-packages'
[0.480s] Level 1:colcon.colcon_core.environment:checking '/home/ayush/ARC_26/install/drive_controls/bin'
[0.480s] INFO:colcon.colcon_core.shell:Creating package script '/home/ayush/ARC_26/install/drive_controls/share/drive_controls/package.ps1'
[0.481s] INFO:colcon.colcon_core.shell:Creating package descriptor '/home/ayush/ARC_26/install/drive_controls/share/drive_controls/package.dsv'
[0.482s] INFO:colcon.colcon_core.shell:Creating package script '/home/ayush/ARC_26/install/drive_controls/share/drive_controls/package.sh'
[0.483s] INFO:colcon.colcon_core.shell:Creating package script '/home/ayush/ARC_26/install/drive_controls/share/drive_controls/package.bash'
[0.484s] INFO:colcon.colcon_core.shell:Creating package script '/home/ayush/ARC_26/install/drive_controls/share/drive_controls/package.zsh'
[0.484s] Level 1:colcon.colcon_core.environment:create_file_with_runtime_dependencies(/home/ayush/ARC_26/install/drive_controls/share/colcon-core/packages/drive_controls)
[0.486s] Level 1:colcon.colcon_core.environment:create_environment_scripts_only(drive_controls)
[0.486s] Level 1:colcon.colcon_core.environment:checking '/home/ayush/ARC_26/install/drive_controls' for CMake module files
[0.487s] Level 1:colcon.colcon_core.environment:checking '/home/ayush/ARC_26/install/drive_controls' for CMake config files
[0.487s] Level 1:colcon.colcon_core.shell:create_environment_hook('drive_controls', 'cmake_prefix_path')
[0.488s] INFO:colcon.colcon_core.shell:Creating environment hook '/home/ayush/ARC_26/install/drive_controls/share/drive_controls/hook/cmake_prefix_path.ps1'
[0.489s] INFO:colcon.colcon_core.shell:Creating environment descriptor '/home/ayush/ARC_26/install/drive_controls/share/drive_controls/hook/cmake_prefix_path.dsv'
[0.489s] INFO:colcon.colcon_core.shell:Creating environment hook '/home/ayush/ARC_26/install/drive_controls/share/drive_controls/hook/cmake_prefix_path.sh'
[0.491s] Level 1:colcon.colcon_core.environment:checking '/home/ayush/ARC_26/install/drive_controls/lib'
[0.491s] Level 1:colcon.colcon_core.environment:checking '/home/ayush/ARC_26/install/drive_controls/bin'
[0.491s] Level 1:colcon.colcon_core.environment:checking '/home/ayush/ARC_26/install/drive_controls/lib/pkgconfig/drive_controls.pc'
[0.491s] Level 1:colcon.colcon_core.environment:checking '/home/ayush/ARC_26/install/drive_controls/lib/python3.10/site-packages'
[0.492s] Level 1:colcon.colcon_core.environment:checking '/home/ayush/ARC_26/install/drive_controls/bin'
[0.492s] INFO:colcon.colcon_core.shell:Creating package script '/home/ayush/ARC_26/install/drive_controls/share/drive_controls/package.ps1'
[0.494s] INFO:colcon.colcon_core.shell:Creating package descriptor '/home/ayush/ARC_26/install/drive_controls/share/drive_controls/package.dsv'
[0.495s] INFO:colcon.colcon_core.shell:Creating package script '/home/ayush/ARC_26/install/drive_controls/share/drive_controls/package.sh'
[0.496s] INFO:colcon.colcon_core.shell:Creating package script '/home/ayush/ARC_26/install/drive_controls/share/drive_controls/package.bash'
[0.497s] INFO:colcon.colcon_core.shell:Creating package script '/home/ayush/ARC_26/install/drive_controls/share/drive_controls/package.zsh'
[0.498s] Level 1:colcon.colcon_core.environment:create_file_with_runtime_dependencies(/home/ayush/ARC_26/install/drive_controls/share/colcon-core/packages/drive_controls)
[5.654s] DEBUG:colcon.colcon_core.event_handler.log_command:Invoked command in '/home/ayush/ARC_26/build/kratos_controllers' returned '0': CMAKE_PREFIX_PATH=${CMAKE_PREFIX_PATH}:/home/ayush/microros_ws/install/sensor_msgs_py:/home/ayush/microros_ws/install/my_py_pkg:/home/ayush/microros_ws/install/my_py_node:/home/ayush/microros_ws/install/joy_bridge:/home/ayush/controls_ws/install/my_py_pkg:/home/ayush/controls_ws/install/joy_bridge:/home/ayush/controls_ws/install/drive_led_pkg:/opt/ros/humble /usr/bin/cmake --build /home/ayush/ARC_26/build/kratos_controllers -- -j20 -l20
[5.656s] DEBUG:colcon.colcon_core.event_handler.log_command:Invoking command in '/home/ayush/ARC_26/build/kratos_controllers': CMAKE_PREFIX_PATH=${CMAKE_PREFIX_PATH}:/home/ayush/microros_ws/install/sensor_msgs_py:/home/ayush/microros_ws/install/my_py_pkg:/home/ayush/microros_ws/install/my_py_node:/home/ayush/microros_ws/install/joy_bridge:/home/ayush/controls_ws/install/my_py_pkg:/home/ayush/controls_ws/install/joy_bridge:/home/ayush/controls_ws/install/drive_led_pkg:/opt/ros/humble /usr/bin/cmake --install /home/ayush/ARC_26/build/kratos_controllers
[5.701s] Level 1:colcon.colcon_core.environment:create_environment_scripts_only(kratos_controllers)
[5.702s] Level 1:colcon.colcon_core.environment:checking '/home/ayush/ARC_26/install/kratos_controllers' for CMake module files
[5.702s] DEBUG:colcon.colcon_core.event_handler.log_command:Invoked command in '/home/ayush/ARC_26/build/kratos_controllers' returned '0': CMAKE_PREFIX_PATH=${CMAKE_PREFIX_PATH}:/home/ayush/microros_ws/install/sensor_msgs_py:/home/ayush/microros_ws/install/my_py_pkg:/home/ayush/microros_ws/install/my_py_node:/home/ayush/microros_ws/install/joy_bridge:/home/ayush/controls_ws/install/my_py_pkg:/home/ayush/controls_ws/install/joy_bridge:/home/ayush/controls_ws/install/drive_led_pkg:/opt/ros/humble /usr/bin/cmake --install /home/ayush/ARC_26/build/kratos_controllers
[5.703s] Level 1:colcon.colcon_core.environment:checking '/home/ayush/ARC_26/install/kratos_controllers' for CMake config files
[5.704s] Level 1:colcon.colcon_core.shell:create_environment_hook('kratos_controllers', 'cmake_prefix_path')
[5.704s] INFO:colcon.colcon_core.shell:Creating environment hook '/home/ayush/ARC_26/install/kratos_controllers/share/kratos_controllers/hook/cmake_prefix_path.ps1'
[5.705s] INFO:colcon.colcon_core.shell:Creating environment descriptor '/home/ayush/ARC_26/install/kratos_controllers/share/kratos_controllers/hook/cmake_prefix_path.dsv'
[5.706s] INFO:colcon.colcon_core.shell:Creating environment hook '/home/ayush/ARC_26/install/kratos_controllers/share/kratos_controllers/hook/cmake_prefix_path.sh'
[5.707s] Level 1:colcon.colcon_core.environment:checking '/home/ayush/ARC_26/install/kratos_controllers/lib'
[5.707s] Level 1:colcon.colcon_core.shell:create_environment_hook('kratos_controllers', 'ld_library_path_lib')
[5.708s] INFO:colcon.colcon_core.shell:Creating environment hook '/home/ayush/ARC_26/install/kratos_controllers/share/kratos_controllers/hook/ld_library_path_lib.ps1'
[5.709s] INFO:colcon.colcon_core.shell:Creating environment descriptor '/home/ayush/ARC_26/install/kratos_controllers/share/kratos_controllers/hook/ld_library_path_lib.dsv'
[5.709s] INFO:colcon.colcon_core.shell:Creating environment hook '/home/ayush/ARC_26/install/kratos_controllers/share/kratos_controllers/hook/ld_library_path_lib.sh'
[5.710s] Level 1:colcon.colcon_core.environment:checking '/home/ayush/ARC_26/install/kratos_controllers/bin'
[5.711s] Level 1:colcon.colcon_core.environment:checking '/home/ayush/ARC_26/install/kratos_controllers/lib/pkgconfig/kratos_controllers.pc'
[5.711s] Level 1:colcon.colcon_core.environment:checking '/home/ayush/ARC_26/install/kratos_controllers/lib/python3.10/site-packages'
[5.711s] Level 1:colcon.colcon_core.environment:checking '/home/ayush/ARC_26/install/kratos_controllers/bin'
[5.712s] INFO:colcon.colcon_core.shell:Creating package script '/home/ayush/ARC_26/install/kratos_controllers/share/kratos_controllers/package.ps1'
[5.713s] INFO:colcon.colcon_core.shell:Creating package descriptor '/home/ayush/ARC_26/install/kratos_controllers/share/kratos_controllers/package.dsv'
[5.714s] INFO:colcon.colcon_core.shell:Creating package script '/home/ayush/ARC_26/install/kratos_controllers/share/kratos_controllers/package.sh'
[5.715s] INFO:colcon.colcon_core.shell:Creating package script '/home/ayush/ARC_26/install/kratos_controllers/share/kratos_controllers/package.bash'
[5.716s] INFO:colcon.colcon_core.shell:Creating package script '/home/ayush/ARC_26/install/kratos_controllers/share/kratos_controllers/package.zsh'
[5.716s] Level 1:colcon.colcon_core.environment:create_file_with_runtime_dependencies(/home/ayush/ARC_26/install/kratos_controllers/share/colcon-core/packages/kratos_controllers)
[5.717s] Level 1:colcon.colcon_core.environment:create_environment_scripts_only(kratos_controllers)
[5.718s] Level 1:colcon.colcon_core.environment:checking '/home/ayush/ARC_26/install/kratos_controllers' for CMake module files
[5.719s] Level 1:colcon.colcon_core.environment:checking '/home/ayush/ARC_26/install/kratos_controllers' for CMake config files
[5.719s] Level 1:colcon.colcon_core.shell:create_environment_hook('kratos_controllers', 'cmake_prefix_path')
[5.720s] INFO:colcon.colcon_core.shell:Creating environment hook '/home/ayush/ARC_26/install/kratos_controllers/share/kratos_controllers/hook/cmake_prefix_path.ps1'
[5.720s] INFO:colcon.colcon_core.shell:Creating environment descriptor '/home/ayush/ARC_26/install/kratos_controllers/share/kratos_controllers/hook/cmake_prefix_path.dsv'
[5.721s] INFO:colcon.colcon_core.shell:Creating environment hook '/home/ayush/ARC_26/install/kratos_controllers/share/kratos_controllers/hook/cmake_prefix_path.sh'
[5.722s] Level 1:colcon.colcon_core.environment:checking '/home/ayush/ARC_26/install/kratos_controllers/lib'
[5.722s] Level 1:colcon.colcon_core.shell:create_environment_hook('kratos_controllers', 'ld_library_path_lib')
[5.723s] INFO:colcon.colcon_core.shell:Creating environment hook '/home/ayush/ARC_26/install/kratos_controllers/share/kratos_controllers/hook/ld_library_path_lib.ps1'
[5.724s] INFO:colcon.colcon_core.shell:Creating environment descriptor '/home/ayush/ARC_26/install/kratos_controllers/share/kratos_controllers/hook/ld_library_path_lib.dsv'
[5.724s] INFO:colcon.colcon_core.shell:Creating environment hook '/home/ayush/ARC_26/install/kratos_controllers/share/kratos_controllers/hook/ld_library_path_lib.sh'
[5.725s] Level 1:colcon.colcon_core.environment:checking '/home/ayush/ARC_26/install/kratos_controllers/bin'
[5.725s] Level 1:colcon.colcon_core.environment:checking '/home/ayush/ARC_26/install/kratos_controllers/lib/pkgconfig/kratos_controllers.pc'
[5.726s] Level 1:colcon.colcon_core.environment:checking '/home/ayush/ARC_26/install/kratos_controllers/lib/python3.10/site-packages'
[5.726s] Level 1:colcon.colcon_core.environment:checking '/home/ayush/ARC_26/install/kratos_controllers/bin'
[5.727s] INFO:colcon.colcon_core.shell:Creating package script '/home/ayush/ARC_26/install/kratos_controllers/share/kratos_controllers/package.ps1'
[5.728s] INFO:colcon.colcon_core.shell:Creating package descriptor '/home/ayush/ARC_26/install/kratos_controllers/share/kratos_controllers/package.dsv'
[5.729s] INFO:colcon.colcon_core.shell:Creating package script '/home/ayush/ARC_26/install/kratos_controllers/share/kratos_controllers/package.sh'
[5.730s] INFO:colcon.colcon_core.shell:Creating package script '/home/ayush/ARC_26/install/kratos_controllers/share/kratos_controllers/package.bash'
[5.730s] INFO:colcon.colcon_core.shell:Creating package script '/home/ayush/ARC_26/install/kratos_controllers/share/kratos_controllers/package.zsh'
[5.731s] Level 1:colcon.colcon_core.environment:create_file_with_runtime_dependencies(/home/ayush/ARC_26/install/kratos_controllers/share/colcon-core/packages/kratos_controllers)
[5.732s] DEBUG:colcon.colcon_parallel_executor.executor.parallel:closing loop
[5.733s] DEBUG:colcon.colcon_parallel_executor.executor.parallel:loop closed
[5.733s] DEBUG:colcon.colcon_parallel_executor.executor.parallel:run_until_complete finished with '0'
[5.733s] DEBUG:colcon.colcon_core.event_reactor:joining thread
[5.747s] INFO:colcon.colcon_core.plugin_system:Skipping extension 'colcon_notification.desktop_notification.terminal_notifier': Not used on non-Darwin systems
[5.747s] INFO:colcon.colcon_core.plugin_system:Skipping extension 'colcon_notification.desktop_notification.win32': Not used on non-Windows systems
[5.747s] INFO:colcon.colcon_notification.desktop_notification:Sending desktop notification using 'notify2'
[5.770s] DEBUG:colcon.colcon_core.event_reactor:joined thread
[5.771s] INFO:colcon.colcon_core.shell:Creating prefix script '/home/ayush/ARC_26/install/local_setup.ps1'
[5.773s] INFO:colcon.colcon_core.shell:Creating prefix util module '/home/ayush/ARC_26/install/_local_setup_util_ps1.py'
[5.775s] INFO:colcon.colcon_core.shell:Creating prefix chain script '/home/ayush/ARC_26/install/setup.ps1'
[5.781s] INFO:colcon.colcon_core.shell:Creating prefix script '/home/ayush/ARC_26/install/local_setup.sh'
[5.782s] INFO:colcon.colcon_core.shell:Creating prefix util module '/home/ayush/ARC_26/install/_local_setup_util_sh.py'
[5.784s] INFO:colcon.colcon_core.shell:Creating prefix chain script '/home/ayush/ARC_26/install/setup.sh'
[5.789s] INFO:colcon.colcon_core.shell:Creating prefix script '/home/ayush/ARC_26/install/local_setup.bash'
[5.790s] INFO:colcon.colcon_core.shell:Creating prefix chain script '/home/ayush/ARC_26/install/setup.bash'
[5.795s] INFO:colcon.colcon_core.shell:Creating prefix script '/home/ayush/ARC_26/install/local_setup.zsh'
[5.796s] INFO:colcon.colcon_core.shell:Creating prefix chain script '/home/ayush/ARC_26/install/setup.zsh'
