[0.010s] Invoking command in '/home/ayush/ARC_26/build/kratos_controllers': CMAKE_PREFIX_PATH=${CMAKE_PREFIX_PATH}:/home/ayush/microros_ws/install/sensor_msgs_py:/home/ayush/microros_ws/install/my_py_pkg:/home/ayush/microros_ws/install/my_py_node:/home/ayush/microros_ws/install/joy_bridge:/home/ayush/controls_ws/install/my_py_pkg:/home/ayush/controls_ws/install/joy_bridge:/home/ayush/controls_ws/install/drive_led_pkg:/opt/ros/humble /usr/bin/cmake /home/ayush/ARC_26/src/kratos_controllers -DCMAKE_INSTALL_PREFIX=/home/ayush/ARC_26/install/kratos_controllers
[0.079s] -- The C compiler identification is GNU 11.4.0
[0.156s] -- The CXX compiler identification is GNU 11.4.0
[0.166s] -- Detecting C compiler ABI info
[0.274s] -- Detecting C compiler ABI info - done
[0.286s] -- Check for working C compiler: /usr/bin/cc - skipped
[0.286s] -- Detecting C compile features
[0.287s] -- Detecting C compile features - done
[0.291s] -- Detecting CXX compiler ABI info
[0.493s] -- Detecting CXX compiler ABI info - done
[0.504s] -- Check for working CXX compiler: /usr/bin/c++ - skipped
[0.505s] -- Detecting CXX compile features
[0.505s] -- Detecting CXX compile features - done
[0.513s] -- Found ament_cmake: 1.3.12 (/opt/ros/humble/share/ament_cmake/cmake)
[0.739s] -- Found Python3: /usr/bin/python3 (found version "3.10.12") found components: Interpreter 
[0.925s] -- Found rclcpp: 16.0.14 (/opt/ros/humble/share/rclcpp/cmake)
[1.068s] -- Found rosidl_generator_c: 3.1.7 (/opt/ros/humble/share/rosidl_generator_c/cmake)
[1.087s] -- Found rosidl_adapter: 3.1.7 (/opt/ros/humble/share/rosidl_adapter/cmake)
[1.103s] -- Found rosidl_generator_cpp: 3.1.7 (/opt/ros/humble/share/rosidl_generator_cpp/cmake)
[1.117s] -- Using all available rosidl_typesupport_c: rosidl_typesupport_microxrcedds_c;rosidl_typesupport_fastrtps_c;rosidl_typesupport_introspection_c
[1.136s] -- Using all available rosidl_typesupport_cpp: rosidl_typesupport_microxrcedds_cpp;rosidl_typesupport_fastrtps_cpp;rosidl_typesupport_introspection_cpp
[1.179s] -- Found rmw_implementation_cmake: 6.1.2 (/opt/ros/humble/share/rmw_implementation_cmake/cmake)
[1.183s] -- Found rmw_fastrtps_cpp: 6.2.8 (/opt/ros/humble/share/rmw_fastrtps_cpp/cmake)
[1.295s] -- Found OpenSSL: /usr/lib/x86_64-linux-gnu/libcrypto.so (found version "3.0.2")  
[1.338s] -- Found FastRTPS: /opt/ros/humble/include  
[1.401s] -- Using RMW implementation 'rmw_fastrtps_cpp' as default
[1.422s] -- Looking for pthread.h
[1.545s] -- Looking for pthread.h - found
[1.545s] -- Performing Test CMAKE_HAVE_LIBC_PTHREAD
[1.661s] -- Performing Test CMAKE_HAVE_LIBC_PTHREAD - Success
[1.663s] -- Found Threads: TRUE  
[1.737s] -- Found controller_interface: 2.51.0 (/opt/ros/humble/share/controller_interface/cmake)
[1.944s] -- Configuring done
[1.945s] [31mCMake Error at CMakeLists.txt:15 (add_library):
[1.945s]   Cannot find source file:
[1.945s] 
[1.945s]     src/double_ackermann_controller.cpp
[1.945s] 
[1.945s]   Tried extensions .c .C .c++ .cc .cpp .cxx .cu .mpp .m .M .mm .ixx .cppm .h
[1.945s]   .hh .h++ .hm .hpp .hxx .in .txx .f .F .for .f77 .f90 .f95 .f03 .hip .ispc
[1.945s] 
[1.945s] [0m
[1.946s] [31mCMake Error at CMakeLists.txt:15 (add_library):
[1.946s]   No SOURCES given to target: kratos_controllers
[1.946s] 
[1.947s] [0m
[1.947s] [0mCMake Generate step failed.  Build files cannot be regenerated correctly.[0m
[1.952s] Invoked command in '/home/ayush/ARC_26/build/kratos_controllers' returned '1': CMAKE_PREFIX_PATH=${CMAKE_PREFIX_PATH}:/home/ayush/microros_ws/install/sensor_msgs_py:/home/ayush/microros_ws/install/my_py_pkg:/home/ayush/microros_ws/install/my_py_node:/home/ayush/microros_ws/install/joy_bridge:/home/ayush/controls_ws/install/my_py_pkg:/home/ayush/controls_ws/install/joy_bridge:/home/ayush/controls_ws/install/drive_led_pkg:/opt/ros/humble /usr/bin/cmake /home/ayush/ARC_26/src/kratos_controllers -DCMAKE_INSTALL_PREFIX=/home/ayush/ARC_26/install/kratos_controllers
